{"/home/travis/build/npmtest/node-npmtest-sworm/test.js":{"path":"/home/travis/build/npmtest/node-npmtest-sworm/test.js","s":{"1":2,"2":2,"3":2,"4":2,"5":2,"6":2,"7":2,"8":1,"9":2,"10":2,"11":1,"12":1,"13":1,"14":1,"15":2,"16":2,"17":2,"18":2,"19":1,"20":1,"21":2,"22":2,"23":2,"24":1,"25":1,"26":1,"27":1,"28":1,"29":1,"30":1,"31":1,"32":1,"33":1,"34":1,"35":1,"36":1,"37":1,"38":1,"39":2,"40":2,"41":1,"42":2,"43":2,"44":1,"45":2,"46":2,"47":1,"48":2,"49":2,"50":1,"51":1,"52":1,"53":1,"54":1},"b":{"1":[2,1,1,1],"2":[1,1,1,1],"3":[1,1],"4":[1,1],"5":[1,1],"6":[1,1],"7":[1,1],"8":[1,1],"9":[1,1],"10":[1,1,1],"11":[1,1],"12":[1,1],"13":[1,1],"14":[1,1],"15":[1,1],"16":[1,1],"17":[1,1]},"f":{"1":2,"2":2,"3":2,"4":2,"5":2,"6":1,"7":1,"8":1,"9":2,"10":2,"11":2,"12":2,"13":1},"fnMap":{"1":{"name":"(anonymous_1)","line":12,"loc":{"start":{"line":12,"column":1},"end":{"line":12,"column":13}}},"2":{"name":"(anonymous_2)","line":19,"loc":{"start":{"line":19,"column":5},"end":{"line":19,"column":17}}},"3":{"name":"(anonymous_3)","line":23,"loc":{"start":{"line":23,"column":24},"end":{"line":23,"column":36}}},"4":{"name":"(anonymous_4)","line":61,"loc":{"start":{"line":61,"column":5},"end":{"line":61,"column":17}}},"5":{"name":"(anonymous_5)","line":82,"loc":{"start":{"line":82,"column":5},"end":{"line":82,"column":17}}},"6":{"name":"(anonymous_6)","line":91,"loc":{"start":{"line":91,"column":77},"end":{"line":94,"column":10}}},"7":{"name":"(anonymous_7)","line":112,"loc":{"start":{"line":112,"column":83},"end":{"line":115,"column":10}},"skip":true},"8":{"name":"(anonymous_8)","line":123,"loc":{"start":{"line":123,"column":77},"end":{"line":126,"column":10}},"skip":true},"9":{"name":"(anonymous_9)","line":139,"loc":{"start":{"line":139,"column":12},"end":{"line":139,"column":40}},"skip":true},"10":{"name":"(anonymous_10)","line":147,"loc":{"start":{"line":147,"column":77},"end":{"line":150,"column":10}},"skip":true},"11":{"name":"(anonymous_11)","line":158,"loc":{"start":{"line":158,"column":83},"end":{"line":161,"column":10}},"skip":true},"12":{"name":"(anonymous_12)","line":169,"loc":{"start":{"line":169,"column":79},"end":{"line":172,"column":10}},"skip":true},"13":{"name":"(anonymous_13)","line":180,"loc":{"start":{"line":180,"column":75},"end":{"line":183,"column":10}},"skip":true}},"statementMap":{"1":{"start":{"line":12,"column":0},"end":{"line":195,"column":5}},"2":{"start":{"line":14,"column":4},"end":{"line":14,"column":14}},"3":{"start":{"line":19,"column":4},"end":{"line":56,"column":9}},"4":{"start":{"line":21,"column":8},"end":{"line":21,"column":19}},"5":{"start":{"line":23,"column":8},"end":{"line":35,"column":13}},"6":{"start":{"line":24,"column":12},"end":{"line":34,"column":13}},"7":{"start":{"line":25,"column":16},"end":{"line":28,"column":30}},"8":{"start":{"line":30,"column":16},"end":{"line":33,"column":27}},"9":{"start":{"line":37,"column":8},"end":{"line":39,"column":21}},"10":{"start":{"line":40,"column":8},"end":{"line":53,"column":9}},"11":{"start":{"line":43,"column":12},"end":{"line":46,"column":14}},"12":{"start":{"line":47,"column":12},"end":{"line":47,"column":18}},"13":{"start":{"line":50,"column":12},"end":{"line":51,"column":46}},"14":{"start":{"line":52,"column":12},"end":{"line":52,"column":18}},"15":{"start":{"line":55,"column":8},"end":{"line":55,"column":35}},"16":{"start":{"line":61,"column":4},"end":{"line":63,"column":9}},"17":{"start":{"line":62,"column":8},"end":{"line":62,"column":15}},"18":{"start":{"line":64,"column":4},"end":{"line":77,"column":5}},"19":{"start":{"line":70,"column":8},"end":{"line":70,"column":14}},"20":{"start":{"line":76,"column":8},"end":{"line":76,"column":14}},"21":{"start":{"line":82,"column":4},"end":{"line":84,"column":9}},"22":{"start":{"line":83,"column":8},"end":{"line":83,"column":15}},"23":{"start":{"line":85,"column":4},"end":{"line":194,"column":5}},"24":{"start":{"line":91,"column":8},"end":{"line":99,"column":10}},"25":{"start":{"line":98,"column":12},"end":{"line":98,"column":35}},"26":{"start":{"line":102,"column":8},"end":{"line":104,"column":63}},"27":{"start":{"line":105,"column":8},"end":{"line":105,"column":14}},"28":{"start":{"line":112,"column":8},"end":{"line":121,"column":10},"skip":true},"29":{"start":{"line":119,"column":12},"end":{"line":119,"column":55},"skip":true},"30":{"start":{"line":120,"column":12},"end":{"line":120,"column":48},"skip":true},"31":{"start":{"line":123,"column":8},"end":{"line":136,"column":10},"skip":true},"32":{"start":{"line":130,"column":12},"end":{"line":130,"column":76},"skip":true},"33":{"start":{"line":131,"column":12},"end":{"line":131,"column":73},"skip":true},"34":{"start":{"line":132,"column":12},"end":{"line":132,"column":74},"skip":true},"35":{"start":{"line":133,"column":12},"end":{"line":133,"column":79},"skip":true},"36":{"start":{"line":134,"column":12},"end":{"line":134,"column":25},"skip":true},"37":{"start":{"line":135,"column":12},"end":{"line":135,"column":45},"skip":true},"38":{"start":{"line":138,"column":8},"end":{"line":145,"column":14},"skip":true},"39":{"start":{"line":143,"column":16},"end":{"line":143,"column":29},"skip":true},"40":{"start":{"line":144,"column":16},"end":{"line":144,"column":55},"skip":true},"41":{"start":{"line":147,"column":8},"end":{"line":156,"column":10},"skip":true},"42":{"start":{"line":154,"column":12},"end":{"line":154,"column":25},"skip":true},"43":{"start":{"line":155,"column":12},"end":{"line":155,"column":45},"skip":true},"44":{"start":{"line":158,"column":8},"end":{"line":167,"column":10},"skip":true},"45":{"start":{"line":165,"column":12},"end":{"line":165,"column":25},"skip":true},"46":{"start":{"line":166,"column":12},"end":{"line":166,"column":48},"skip":true},"47":{"start":{"line":169,"column":8},"end":{"line":178,"column":10},"skip":true},"48":{"start":{"line":176,"column":12},"end":{"line":176,"column":25},"skip":true},"49":{"start":{"line":177,"column":12},"end":{"line":177,"column":46},"skip":true},"50":{"start":{"line":180,"column":8},"end":{"line":189,"column":10},"skip":true},"51":{"start":{"line":187,"column":12},"end":{"line":187,"column":94},"skip":true},"52":{"start":{"line":188,"column":12},"end":{"line":188,"column":48},"skip":true},"53":{"start":{"line":192,"column":8},"end":{"line":192,"column":35},"skip":true},"54":{"start":{"line":193,"column":8},"end":{"line":193,"column":14},"skip":true}},"branchMap":{"1":{"line":25,"type":"binary-expr","locations":[{"start":{"line":25,"column":23},"end":{"line":25,"column":62}},{"start":{"line":26,"column":20},"end":{"line":26,"column":70}},{"start":{"line":27,"column":20},"end":{"line":27,"column":71}},{"start":{"line":28,"column":20},"end":{"line":28,"column":29}}]},"2":{"line":30,"type":"binary-expr","locations":[{"start":{"line":30,"column":23},"end":{"line":30,"column":37}},{"start":{"line":31,"column":20},"end":{"line":31,"column":61}},{"start":{"line":32,"column":20},"end":{"line":32,"column":70}},{"start":{"line":33,"column":20},"end":{"line":33,"column":26}}]},"3":{"line":37,"type":"cond-expr","locations":[{"start":{"line":38,"column":14},"end":{"line":38,"column":20}},{"start":{"line":39,"column":14},"end":{"line":39,"column":20}}]},"4":{"line":40,"type":"switch","locations":[{"start":{"line":42,"column":8},"end":{"line":47,"column":18}},{"start":{"line":49,"column":8},"end":{"line":52,"column":18}}]},"5":{"line":44,"type":"binary-expr","locations":[{"start":{"line":44,"column":16},"end":{"line":44,"column":44}},{"start":{"line":44,"column":48},"end":{"line":44,"column":66}}]},"6":{"line":50,"type":"binary-expr","locations":[{"start":{"line":50,"column":21},"end":{"line":50,"column":49}},{"start":{"line":50,"column":53},"end":{"line":50,"column":72}}]},"7":{"line":64,"type":"switch","locations":[{"start":{"line":69,"column":4},"end":{"line":70,"column":14}},{"start":{"line":75,"column":4},"end":{"line":76,"column":14}}]},"8":{"line":85,"type":"switch","locations":[{"start":{"line":90,"column":4},"end":{"line":105,"column":14}},{"start":{"line":111,"column":4},"end":{"line":193,"column":14},"skip":true}]},"9":{"line":91,"type":"binary-expr","locations":[{"start":{"line":91,"column":42},"end":{"line":91,"column":73}},{"start":{"line":91,"column":77},"end":{"line":99,"column":9}}]},"10":{"line":102,"type":"binary-expr","locations":[{"start":{"line":102,"column":18},"end":{"line":102,"column":32}},{"start":{"line":103,"column":12},"end":{"line":103,"column":53}},{"start":{"line":104,"column":12},"end":{"line":104,"column":61}}]},"11":{"line":112,"type":"binary-expr","locations":[{"start":{"line":112,"column":45},"end":{"line":112,"column":79},"skip":true},{"start":{"line":112,"column":83},"end":{"line":121,"column":9},"skip":true}]},"12":{"line":123,"type":"binary-expr","locations":[{"start":{"line":123,"column":42},"end":{"line":123,"column":73},"skip":true},{"start":{"line":123,"column":77},"end":{"line":136,"column":9},"skip":true}]},"13":{"line":138,"type":"binary-expr","locations":[{"start":{"line":138,"column":48},"end":{"line":138,"column":85},"skip":true},{"start":{"line":139,"column":12},"end":{"line":145,"column":13},"skip":true}]},"14":{"line":147,"type":"binary-expr","locations":[{"start":{"line":147,"column":42},"end":{"line":147,"column":73},"skip":true},{"start":{"line":147,"column":77},"end":{"line":156,"column":9},"skip":true}]},"15":{"line":158,"type":"binary-expr","locations":[{"start":{"line":158,"column":45},"end":{"line":158,"column":79},"skip":true},{"start":{"line":158,"column":83},"end":{"line":167,"column":9},"skip":true}]},"16":{"line":169,"type":"binary-expr","locations":[{"start":{"line":169,"column":43},"end":{"line":169,"column":75},"skip":true},{"start":{"line":169,"column":79},"end":{"line":178,"column":9},"skip":true}]},"17":{"line":180,"type":"binary-expr","locations":[{"start":{"line":180,"column":41},"end":{"line":180,"column":71},"skip":true},{"start":{"line":180,"column":75},"end":{"line":189,"column":9},"skip":true}]}},"code":["/* istanbul instrument in package npmtest_sworm */","/*jslint","    bitwise: true,","    browser: true,","    maxerr: 8,","    maxlen: 96,","    node: true,","    nomen: true,","    regexp: true,","    stupid: true","*/","(function () {","    'use strict';","    var local;","","","","    // run shared js-env code - pre-init","    (function () {","        // init local","        local = {};","        // init modeJs","        local.modeJs = (function () {","            try {","                return typeof navigator.userAgent === 'string' &&","                    typeof document.querySelector('body') === 'object' &&","                    typeof XMLHttpRequest.prototype.open === 'function' &&","                    'browser';","            } catch (errorCaughtBrowser) {","                return module.exports &&","                    typeof process.versions.node === 'string' &&","                    typeof require('http').createServer === 'function' &&","                    'node';","            }","        }());","        // init global","        local.global = local.modeJs === 'browser'","            ? window","            : global;","        switch (local.modeJs) {","        // re-init local from window.local","        case 'browser':","            local = local.global.utility2.objectSetDefault(","                local.global.utility2_rollup || local.global.local,","                local.global.utility2","            );","            break;","        // re-init local from example.js","        case 'node':","            local = (local.global.utility2_rollup || require('utility2'))","                .requireExampleJsFromReadme();","            break;","        }","        // export local","        local.global.local = local;","    }());","","","","    // run shared js-env code - function","    (function () {","        return;","    }());","    switch (local.modeJs) {","","","","    // run browser js-env code - function","    case 'browser':","        break;","","","","    // run node js-env code - function","    case 'node':","        break;","    }","","","","    // run shared js-env code - post-init","    (function () {","        return;","    }());","    switch (local.modeJs) {","","","","    // run browser js-env code - post-init","    case 'browser':","        local.testCase_browser_nullCase = local.testCase_browser_nullCase || function (","            options,","            onError","        ) {","        /*","         * this function will test browsers's null-case handling-behavior-behavior","         */","            onError(null, options);","        };","","        // run tests","        local.nop(local.modeTest &&","            document.querySelector('#testRunButton1') &&","            document.querySelector('#testRunButton1').click());","        break;","","","","    // run node js-env code - post-init","    /* istanbul ignore next */","    case 'node':","        local.testCase_buildApidoc_default = local.testCase_buildApidoc_default || function (","            options,","            onError","        ) {","        /*","         * this function will test buildApidoc's default handling-behavior-behavior","         */","            options = { modulePathList: module.paths };","            local.buildApidoc(options, onError);","        };","","        local.testCase_buildApp_default = local.testCase_buildApp_default || function (","            options,","            onError","        ) {","        /*","         * this function will test buildApp's default handling-behavior-behavior","         */","            local.testCase_buildReadme_default(options, local.onErrorThrow);","            local.testCase_buildLib_default(options, local.onErrorThrow);","            local.testCase_buildTest_default(options, local.onErrorThrow);","            local.testCase_buildCustomOrg_default(options, local.onErrorThrow);","            options = [];","            local.buildApp(options, onError);","        };","","        local.testCase_buildCustomOrg_default = local.testCase_buildCustomOrg_default ||","            function (options, onError) {","            /*","             * this function will test buildCustomOrg's default handling-behavior","             */","                options = {};","                local.buildCustomOrg(options, onError);","            };","","        local.testCase_buildLib_default = local.testCase_buildLib_default || function (","            options,","            onError","        ) {","        /*","         * this function will test buildLib's default handling-behavior","         */","            options = {};","            local.buildLib(options, onError);","        };","","        local.testCase_buildReadme_default = local.testCase_buildReadme_default || function (","            options,","            onError","        ) {","        /*","         * this function will test buildReadme's default handling-behavior-behavior","         */","            options = {};","            local.buildReadme(options, onError);","        };","","        local.testCase_buildTest_default = local.testCase_buildTest_default || function (","            options,","            onError","        ) {","        /*","         * this function will test buildTest's default handling-behavior","         */","            options = {};","            local.buildTest(options, onError);","        };","","        local.testCase_webpage_default = local.testCase_webpage_default || function (","            options,","            onError","        ) {","        /*","         * this function will test webpage's default handling-behavior","         */","            options = { modeCoverageMerge: true, url: local.serverLocalHost + '?modeTest=1' };","            local.browserTest(options, onError);","        };","","        // run test-server","        local.testRunServer(local);","        break;","    }","}());",""],"l":{"12":2,"14":2,"19":2,"21":2,"23":2,"24":2,"25":2,"30":1,"37":2,"40":2,"43":1,"47":1,"50":1,"52":1,"55":2,"61":2,"62":2,"64":2,"70":1,"76":1,"82":2,"83":2,"85":2,"91":1,"98":1,"102":1,"105":1,"112":1,"119":1,"120":1,"123":1,"130":1,"131":1,"132":1,"133":1,"134":1,"135":1,"138":1,"143":2,"144":2,"147":1,"154":2,"155":2,"158":1,"165":2,"166":2,"169":1,"176":2,"177":2,"180":1,"187":1,"188":1,"192":1,"193":1}},"/home/travis/build/npmtest/node-npmtest-sworm/lib.npmtest_sworm.js":{"path":"/home/travis/build/npmtest/node-npmtest-sworm/lib.npmtest_sworm.js","s":{"1":2,"2":2,"3":2,"4":2,"5":2,"6":2,"7":2,"8":1,"9":2,"10":2,"11":2,"12":2,"13":1,"14":1,"15":1,"16":1},"b":{"1":[2,1,1,1],"2":[1,1,1,1],"3":[1,1],"4":[2,2],"5":[1,1]},"f":{"1":2,"2":2,"3":2},"fnMap":{"1":{"name":"(anonymous_1)","line":12,"loc":{"start":{"line":12,"column":1},"end":{"line":12,"column":13}}},"2":{"name":"(anonymous_2)","line":19,"loc":{"start":{"line":19,"column":5},"end":{"line":19,"column":17}}},"3":{"name":"(anonymous_3)","line":23,"loc":{"start":{"line":23,"column":24},"end":{"line":23,"column":36}}}},"statementMap":{"1":{"start":{"line":12,"column":0},"end":{"line":53,"column":5}},"2":{"start":{"line":14,"column":4},"end":{"line":14,"column":14}},"3":{"start":{"line":19,"column":4},"end":{"line":52,"column":9}},"4":{"start":{"line":21,"column":8},"end":{"line":21,"column":19}},"5":{"start":{"line":23,"column":8},"end":{"line":35,"column":13}},"6":{"start":{"line":24,"column":12},"end":{"line":34,"column":13}},"7":{"start":{"line":25,"column":16},"end":{"line":28,"column":30}},"8":{"start":{"line":30,"column":16},"end":{"line":33,"column":27}},"9":{"start":{"line":37,"column":8},"end":{"line":39,"column":21}},"10":{"start":{"line":41,"column":8},"end":{"line":41,"column":54}},"11":{"start":{"line":43,"column":8},"end":{"line":43,"column":50}},"12":{"start":{"line":45,"column":8},"end":{"line":51,"column":9}},"13":{"start":{"line":46,"column":12},"end":{"line":46,"column":56}},"14":{"start":{"line":48,"column":12},"end":{"line":48,"column":35}},"15":{"start":{"line":49,"column":12},"end":{"line":49,"column":49}},"16":{"start":{"line":50,"column":12},"end":{"line":50,"column":43}}},"branchMap":{"1":{"line":25,"type":"binary-expr","locations":[{"start":{"line":25,"column":23},"end":{"line":25,"column":62}},{"start":{"line":26,"column":20},"end":{"line":26,"column":70}},{"start":{"line":27,"column":20},"end":{"line":27,"column":71}},{"start":{"line":28,"column":20},"end":{"line":28,"column":29}}]},"2":{"line":30,"type":"binary-expr","locations":[{"start":{"line":30,"column":23},"end":{"line":30,"column":37}},{"start":{"line":31,"column":20},"end":{"line":31,"column":61}},{"start":{"line":32,"column":20},"end":{"line":32,"column":70}},{"start":{"line":33,"column":20},"end":{"line":33,"column":26}}]},"3":{"line":37,"type":"cond-expr","locations":[{"start":{"line":38,"column":14},"end":{"line":38,"column":20}},{"start":{"line":39,"column":14},"end":{"line":39,"column":20}}]},"4":{"line":41,"type":"binary-expr","locations":[{"start":{"line":41,"column":16},"end":{"line":41,"column":44}},{"start":{"line":41,"column":48},"end":{"line":41,"column":53}}]},"5":{"line":45,"type":"if","locations":[{"start":{"line":45,"column":8},"end":{"line":45,"column":8}},{"start":{"line":45,"column":8},"end":{"line":45,"column":8}}]}},"code":["/* istanbul instrument in package npmtest_sworm */","/*jslint","    bitwise: true,","    browser: true,","    maxerr: 8,","    maxlen: 96,","    node: true,","    nomen: true,","    regexp: true,","    stupid: true","*/","(function () {","    'use strict';","    var local;","","","","    // run shared js-env code - pre-init","    (function () {","        // init local","        local = {};","        // init modeJs","        local.modeJs = (function () {","            try {","                return typeof navigator.userAgent === 'string' &&","                    typeof document.querySelector('body') === 'object' &&","                    typeof XMLHttpRequest.prototype.open === 'function' &&","                    'browser';","            } catch (errorCaughtBrowser) {","                return module.exports &&","                    typeof process.versions.node === 'string' &&","                    typeof require('http').createServer === 'function' &&","                    'node';","            }","        }());","        // init global","        local.global = local.modeJs === 'browser'","            ? window","            : global;","        // init utility2_rollup","        local = local.global.utility2_rollup || local;","        // init lib","        local.local = local.npmtest_sworm = local;","        // init exports","        if (local.modeJs === 'browser') {","            local.global.utility2_npmtest_sworm = local;","        } else {","            module.exports = local;","            module.exports.__dirname = __dirname;","            module.exports.module = module;","        }","    }());","}());",""],"l":{"12":2,"14":2,"19":2,"21":2,"23":2,"24":2,"25":2,"30":1,"37":2,"41":2,"43":2,"45":2,"46":1,"48":1,"49":1,"50":1}},"/home/travis/build/npmtest/node-npmtest-sworm/example.js":{"path":"/home/travis/build/npmtest/node-npmtest-sworm/example.js","s":{"1":2,"2":2,"3":2,"4":2,"5":2,"6":2,"7":2,"8":1,"9":2,"10":2,"11":2,"12":2,"13":1,"14":2,"15":2,"16":2,"17":2,"18":2,"19":0,"20":2,"21":1,"22":1,"23":1,"24":1,"25":1,"26":0,"27":0,"28":1,"29":1,"30":2,"31":0,"32":0,"33":0,"34":1,"35":2,"36":2,"37":3,"38":3,"39":3,"40":3,"41":0,"42":3,"43":3,"44":3,"45":1,"46":3,"47":1,"48":1,"49":1,"50":1,"51":1,"52":1,"53":1,"54":1,"55":1,"56":1,"57":0,"58":1,"59":6,"60":6,"61":1,"62":2,"63":0,"64":2,"65":1,"66":1,"67":0,"68":0,"69":0,"70":0,"71":0,"72":0,"73":0,"74":0,"75":0,"76":0,"77":0,"78":0,"79":0,"80":0,"81":0,"82":0,"83":0},"b":{"1":[2,1,1,1],"2":[1,1,1,1],"3":[1,1],"4":[2,2],"5":[1,1],"6":[1,1],"7":[2,0],"8":[2,1,1,1,1,1],"9":[0,2,0],"10":[1,1],"11":[2,1,1],"12":[1,0],"13":[0,2],"14":[2,0,0,0,0,0,0],"15":[0,3],"16":[3,0],"17":[1,1],"18":[0,1],"19":[1,2,0,2],"20":[1,0],"21":[1,1],"22":[0,0],"23":[0,0],"24":[0,0],"25":[0,0],"26":[0,0],"27":[0,0],"28":[0,0]},"f":{"1":2,"2":2,"3":2,"4":2,"5":2,"6":2,"7":3,"8":3,"9":3,"10":1,"11":6,"12":0},"fnMap":{"1":{"name":"(anonymous_1)","line":26,"loc":{"start":{"line":26,"column":1},"end":{"line":26,"column":13}}},"2":{"name":"(anonymous_2)","line":33,"loc":{"start":{"line":33,"column":5},"end":{"line":33,"column":17}}},"3":{"name":"(anonymous_3)","line":37,"loc":{"start":{"line":37,"column":24},"end":{"line":37,"column":36}}},"4":{"name":"(anonymous_4)","line":69,"loc":{"start":{"line":69,"column":31},"end":{"line":69,"column":48}},"skip":true},"5":{"name":"(anonymous_5)","line":78,"loc":{"start":{"line":78,"column":26},"end":{"line":78,"column":45}},"skip":true},"6":{"name":"(anonymous_6)","line":123,"loc":{"start":{"line":123,"column":33},"end":{"line":123,"column":48}},"skip":true},"7":{"name":"(anonymous_7)","line":125,"loc":{"start":{"line":125,"column":27},"end":{"line":125,"column":39}},"skip":true},"8":{"name":"(anonymous_8)","line":133,"loc":{"start":{"line":133,"column":59},"end":{"line":133,"column":74}},"skip":true},"9":{"name":"(anonymous_9)","line":143,"loc":{"start":{"line":143,"column":45},"end":{"line":143,"column":62}},"skip":true},"10":{"name":"(anonymous_10)","line":144,"loc":{"start":{"line":144,"column":73},"end":{"line":144,"column":92}},"skip":true},"11":{"name":"(anonymous_11)","line":272,"loc":{"start":{"line":272,"column":51},"end":{"line":272,"column":77}},"skip":true},"12":{"name":"(anonymous_12)","line":315,"loc":{"start":{"line":315,"column":32},"end":{"line":315,"column":61}},"skip":true}},"statementMap":{"1":{"start":{"line":26,"column":0},"end":{"line":326,"column":5}},"2":{"start":{"line":28,"column":4},"end":{"line":28,"column":14}},"3":{"start":{"line":33,"column":4},"end":{"line":60,"column":9}},"4":{"start":{"line":35,"column":8},"end":{"line":35,"column":19}},"5":{"start":{"line":37,"column":8},"end":{"line":49,"column":13}},"6":{"start":{"line":38,"column":12},"end":{"line":48,"column":13}},"7":{"start":{"line":39,"column":16},"end":{"line":42,"column":30}},"8":{"start":{"line":44,"column":16},"end":{"line":47,"column":27}},"9":{"start":{"line":51,"column":8},"end":{"line":53,"column":21}},"10":{"start":{"line":55,"column":8},"end":{"line":57,"column":45}},"11":{"start":{"line":59,"column":8},"end":{"line":59,"column":35}},"12":{"start":{"line":61,"column":4},"end":{"line":325,"column":5}},"13":{"start":{"line":69,"column":8},"end":{"line":121,"column":10},"skip":true},"14":{"start":{"line":70,"column":12},"end":{"line":88,"column":13},"skip":true},"15":{"start":{"line":76,"column":16},"end":{"line":87,"column":19},"skip":true},"16":{"start":{"line":79,"column":20},"end":{"line":86,"column":21},"skip":true},"17":{"start":{"line":82,"column":24},"end":{"line":82,"column":43},"skip":true},"18":{"start":{"line":83,"column":24},"end":{"line":83,"column":30},"skip":true},"19":{"start":{"line":85,"column":24},"end":{"line":85,"column":49},"skip":true},"20":{"start":{"line":89,"column":12},"end":{"line":107,"column":13},"skip":true},"21":{"start":{"line":92,"column":16},"end":{"line":102,"column":17},"skip":true},"22":{"start":{"line":93,"column":20},"end":{"line":93,"column":86},"skip":true},"23":{"start":{"line":94,"column":20},"end":{"line":95,"column":45},"skip":true},"24":{"start":{"line":96,"column":20},"end":{"line":96,"column":42},"skip":true},"25":{"start":{"line":97,"column":20},"end":{"line":97,"column":48},"skip":true},"26":{"start":{"line":100,"column":20},"end":{"line":100,"column":85},"skip":true},"27":{"start":{"line":101,"column":20},"end":{"line":101,"column":96},"skip":true},"28":{"start":{"line":103,"column":16},"end":{"line":103,"column":22},"skip":true},"29":{"start":{"line":106,"column":16},"end":{"line":106,"column":22},"skip":true},"30":{"start":{"line":108,"column":12},"end":{"line":120,"column":13},"skip":true},"31":{"start":{"line":114,"column":16},"end":{"line":119,"column":17},"skip":true},"32":{"start":{"line":116,"column":20},"end":{"line":116,"column":78},"skip":true},"33":{"start":{"line":118,"column":20},"end":{"line":118,"column":47},"skip":true},"34":{"start":{"line":123,"column":8},"end":{"line":141,"column":11},"skip":true},"35":{"start":{"line":124,"column":12},"end":{"line":124,"column":54},"skip":true},"36":{"start":{"line":125,"column":12},"end":{"line":140,"column":14},"skip":true},"37":{"start":{"line":126,"column":16},"end":{"line":126,"column":28},"skip":true},"38":{"start":{"line":127,"column":16},"end":{"line":127,"column":69},"skip":true},"39":{"start":{"line":128,"column":16},"end":{"line":128,"column":75},"skip":true},"40":{"start":{"line":129,"column":16},"end":{"line":131,"column":17},"skip":true},"41":{"start":{"line":130,"column":20},"end":{"line":130,"column":27},"skip":true},"42":{"start":{"line":133,"column":16},"end":{"line":137,"column":36},"skip":true},"43":{"start":{"line":134,"column":20},"end":{"line":136,"column":55},"skip":true},"44":{"start":{"line":139,"column":16},"end":{"line":139,"column":57},"skip":true},"45":{"start":{"line":143,"column":8},"end":{"line":147,"column":11},"skip":true},"46":{"start":{"line":144,"column":12},"end":{"line":146,"column":15},"skip":true},"47":{"start":{"line":145,"column":16},"end":{"line":145,"column":70},"skip":true},"48":{"start":{"line":149,"column":8},"end":{"line":149,"column":31},"skip":true},"49":{"start":{"line":150,"column":8},"end":{"line":150,"column":14},"skip":true},"50":{"start":{"line":158,"column":8},"end":{"line":158,"column":31},"skip":true},"51":{"start":{"line":160,"column":8},"end":{"line":160,"column":33},"skip":true},"52":{"start":{"line":161,"column":8},"end":{"line":161,"column":37},"skip":true},"53":{"start":{"line":162,"column":8},"end":{"line":162,"column":35},"skip":true},"54":{"start":{"line":164,"column":8},"end":{"line":164,"column":50},"skip":true},"55":{"start":{"line":166,"column":8},"end":{"line":256,"column":2},"skip":true},"56":{"start":{"line":258,"column":8},"end":{"line":286,"column":9},"skip":true},"57":{"start":{"line":259,"column":12},"end":{"line":269,"column":14},"skip":true},"58":{"start":{"line":271,"column":12},"end":{"line":285,"column":19},"skip":true},"59":{"start":{"line":274,"column":20},"end":{"line":274,"column":35},"skip":true},"60":{"start":{"line":275,"column":20},"end":{"line":284,"column":21},"skip":true},"61":{"start":{"line":277,"column":24},"end":{"line":277,"column":64},"skip":true},"62":{"start":{"line":279,"column":24},"end":{"line":279,"column":40},"skip":true},"63":{"start":{"line":281,"column":24},"end":{"line":281,"column":40},"skip":true},"64":{"start":{"line":283,"column":24},"end":{"line":283,"column":39},"skip":true},"65":{"start":{"line":288,"column":8},"end":{"line":290,"column":9},"skip":true},"66":{"start":{"line":289,"column":12},"end":{"line":289,"column":18},"skip":true},"67":{"start":{"line":291,"column":8},"end":{"line":293,"column":54},"skip":true},"68":{"start":{"line":296,"column":8},"end":{"line":301,"column":37},"skip":true},"69":{"start":{"line":303,"column":8},"end":{"line":303,"column":82},"skip":true},"70":{"start":{"line":306,"column":8},"end":{"line":308,"column":9},"skip":true},"71":{"start":{"line":307,"column":12},"end":{"line":307,"column":82},"skip":true},"72":{"start":{"line":310,"column":8},"end":{"line":312,"column":9},"skip":true},"73":{"start":{"line":311,"column":12},"end":{"line":311,"column":18},"skip":true},"74":{"start":{"line":313,"column":8},"end":{"line":313,"column":54},"skip":true},"75":{"start":{"line":314,"column":8},"end":{"line":314,"column":69},"skip":true},"76":{"start":{"line":315,"column":8},"end":{"line":323,"column":36},"skip":true},"77":{"start":{"line":316,"column":12},"end":{"line":316,"column":61},"skip":true},"78":{"start":{"line":317,"column":12},"end":{"line":320,"column":13},"skip":true},"79":{"start":{"line":318,"column":16},"end":{"line":318,"column":75},"skip":true},"80":{"start":{"line":319,"column":16},"end":{"line":319,"column":23},"skip":true},"81":{"start":{"line":321,"column":12},"end":{"line":321,"column":38},"skip":true},"82":{"start":{"line":322,"column":12},"end":{"line":322,"column":27},"skip":true},"83":{"start":{"line":324,"column":8},"end":{"line":324,"column":14},"skip":true}},"branchMap":{"1":{"line":39,"type":"binary-expr","locations":[{"start":{"line":39,"column":23},"end":{"line":39,"column":62}},{"start":{"line":40,"column":20},"end":{"line":40,"column":70}},{"start":{"line":41,"column":20},"end":{"line":41,"column":71}},{"start":{"line":42,"column":20},"end":{"line":42,"column":29}}]},"2":{"line":44,"type":"binary-expr","locations":[{"start":{"line":44,"column":23},"end":{"line":44,"column":37}},{"start":{"line":45,"column":20},"end":{"line":45,"column":61}},{"start":{"line":46,"column":20},"end":{"line":46,"column":70}},{"start":{"line":47,"column":20},"end":{"line":47,"column":26}}]},"3":{"line":51,"type":"cond-expr","locations":[{"start":{"line":52,"column":14},"end":{"line":52,"column":20}},{"start":{"line":53,"column":14},"end":{"line":53,"column":20}}]},"4":{"line":55,"type":"binary-expr","locations":[{"start":{"line":55,"column":16},"end":{"line":55,"column":44}},{"start":{"line":55,"column":49},"end":{"line":57,"column":43}}]},"5":{"line":55,"type":"cond-expr","locations":[{"start":{"line":56,"column":14},"end":{"line":56,"column":49}},{"start":{"line":57,"column":14},"end":{"line":57,"column":43}}]},"6":{"line":61,"type":"switch","locations":[{"start":{"line":68,"column":4},"end":{"line":150,"column":14},"skip":true},{"start":{"line":156,"column":4},"end":{"line":324,"column":14},"skip":true}]},"7":{"line":70,"type":"if","locations":[{"start":{"line":70,"column":12},"end":{"line":70,"column":12},"skip":true},{"start":{"line":70,"column":12},"end":{"line":70,"column":12},"skip":true}]},"8":{"line":70,"type":"binary-expr","locations":[{"start":{"line":70,"column":16},"end":{"line":70,"column":22},"skip":true},{"start":{"line":70,"column":27},"end":{"line":70,"column":32},"skip":true},{"start":{"line":71,"column":20},"end":{"line":71,"column":39},"skip":true},{"start":{"line":72,"column":20},"end":{"line":72,"column":49},"skip":true},{"start":{"line":73,"column":20},"end":{"line":73,"column":58},"skip":true},{"start":{"line":74,"column":20},"end":{"line":74,"column":69},"skip":true}]},"9":{"line":79,"type":"switch","locations":[{"start":{"line":80,"column":20},"end":{"line":80,"column":33},"skip":true},{"start":{"line":81,"column":20},"end":{"line":83,"column":30},"skip":true},{"start":{"line":84,"column":20},"end":{"line":85,"column":49},"skip":true}]},"10":{"line":89,"type":"switch","locations":[{"start":{"line":90,"column":12},"end":{"line":103,"column":22},"skip":true},{"start":{"line":105,"column":12},"end":{"line":106,"column":22},"skip":true}]},"11":{"line":89,"type":"binary-expr","locations":[{"start":{"line":89,"column":20},"end":{"line":89,"column":25},"skip":true},{"start":{"line":89,"column":29},"end":{"line":89,"column":48},"skip":true},{"start":{"line":89,"column":52},"end":{"line":89,"column":74},"skip":true}]},"12":{"line":92,"type":"if","locations":[{"start":{"line":92,"column":16},"end":{"line":92,"column":16},"skip":true},{"start":{"line":92,"column":16},"end":{"line":92,"column":16},"skip":true}]},"13":{"line":108,"type":"if","locations":[{"start":{"line":108,"column":12},"end":{"line":108,"column":12},"skip":true},{"start":{"line":108,"column":12},"end":{"line":108,"column":12},"skip":true}]},"14":{"line":108,"type":"binary-expr","locations":[{"start":{"line":108,"column":16},"end":{"line":108,"column":61},"skip":true},{"start":{"line":108,"column":66},"end":{"line":108,"column":72},"skip":true},{"start":{"line":108,"column":77},"end":{"line":108,"column":82},"skip":true},{"start":{"line":109,"column":20},"end":{"line":109,"column":39},"skip":true},{"start":{"line":110,"column":20},"end":{"line":110,"column":49},"skip":true},{"start":{"line":111,"column":20},"end":{"line":111,"column":58},"skip":true},{"start":{"line":112,"column":20},"end":{"line":112,"column":68},"skip":true}]},"15":{"line":129,"type":"if","locations":[{"start":{"line":129,"column":16},"end":{"line":129,"column":16},"skip":true},{"start":{"line":129,"column":16},"end":{"line":129,"column":16},"skip":true}]},"16":{"line":134,"type":"cond-expr","locations":[{"start":{"line":135,"column":26},"end":{"line":135,"column":29},"skip":true},{"start":{"line":136,"column":26},"end":{"line":136,"column":54},"skip":true}]},"17":{"line":164,"type":"binary-expr","locations":[{"start":{"line":164,"column":27},"end":{"line":164,"column":43},"skip":true},{"start":{"line":164,"column":47},"end":{"line":164,"column":49},"skip":true}]},"18":{"line":258,"type":"if","locations":[{"start":{"line":258,"column":8},"end":{"line":258,"column":8},"skip":true},{"start":{"line":258,"column":8},"end":{"line":258,"column":8},"skip":true}]},"19":{"line":275,"type":"switch","locations":[{"start":{"line":276,"column":20},"end":{"line":277,"column":64},"skip":true},{"start":{"line":278,"column":20},"end":{"line":279,"column":40},"skip":true},{"start":{"line":280,"column":20},"end":{"line":281,"column":40},"skip":true},{"start":{"line":282,"column":20},"end":{"line":283,"column":39},"skip":true}]},"20":{"line":288,"type":"if","locations":[{"start":{"line":288,"column":8},"end":{"line":288,"column":8},"skip":true},{"start":{"line":288,"column":8},"end":{"line":288,"column":8},"skip":true}]},"21":{"line":288,"type":"binary-expr","locations":[{"start":{"line":288,"column":12},"end":{"line":288,"column":40},"skip":true},{"start":{"line":288,"column":44},"end":{"line":288,"column":67},"skip":true}]},"22":{"line":292,"type":"binary-expr","locations":[{"start":{"line":292,"column":12},"end":{"line":292,"column":50},"skip":true},{"start":{"line":293,"column":12},"end":{"line":293,"column":53},"skip":true}]},"23":{"line":297,"type":"binary-expr","locations":[{"start":{"line":297,"column":12},"end":{"line":297,"column":63},"skip":true},{"start":{"line":298,"column":12},"end":{"line":301,"column":36},"skip":true}]},"24":{"line":303,"type":"binary-expr","locations":[{"start":{"line":303,"column":43},"end":{"line":303,"column":75},"skip":true},{"start":{"line":303,"column":79},"end":{"line":303,"column":81},"skip":true}]},"25":{"line":306,"type":"if","locations":[{"start":{"line":306,"column":8},"end":{"line":306,"column":8},"skip":true},{"start":{"line":306,"column":8},"end":{"line":306,"column":8},"skip":true}]},"26":{"line":310,"type":"if","locations":[{"start":{"line":310,"column":8},"end":{"line":310,"column":8},"skip":true},{"start":{"line":310,"column":8},"end":{"line":310,"column":8},"skip":true}]},"27":{"line":313,"type":"binary-expr","locations":[{"start":{"line":313,"column":27},"end":{"line":313,"column":43},"skip":true},{"start":{"line":313,"column":47},"end":{"line":313,"column":53},"skip":true}]},"28":{"line":317,"type":"if","locations":[{"start":{"line":317,"column":12},"end":{"line":317,"column":12},"skip":true},{"start":{"line":317,"column":12},"end":{"line":317,"column":12},"skip":true}]}},"code":["/*","example.js","","quickstart example","","instruction","    1. save this script as example.js","    2. run the shell command:","        $ npm install npmtest-sworm && PORT=8081 node example.js","    3. play with the browser-demo on http://127.0.0.1:8081","*/","","","","/* istanbul instrument in package npmtest_sworm */","/*jslint","    bitwise: true,","    browser: true,","    maxerr: 8,","    maxlen: 96,","    node: true,","    nomen: true,","    regexp: true,","    stupid: true","*/","(function () {","    'use strict';","    var local;","","","","    // run shared js-env code - pre-init","    (function () {","        // init local","        local = {};","        // init modeJs","        local.modeJs = (function () {","            try {","                return typeof navigator.userAgent === 'string' &&","                    typeof document.querySelector('body') === 'object' &&","                    typeof XMLHttpRequest.prototype.open === 'function' &&","                    'browser';","            } catch (errorCaughtBrowser) {","                return module.exports &&","                    typeof process.versions.node === 'string' &&","                    typeof require('http').createServer === 'function' &&","                    'node';","            }","        }());","        // init global","        local.global = local.modeJs === 'browser'","            ? window","            : global;","        // init utility2_rollup","        local = local.global.utility2_rollup || (local.modeJs === 'browser'","            ? local.global.utility2_npmtest_sworm","            : global.utility2_moduleExports);","        // export local","        local.global.local = local;","    }());","    switch (local.modeJs) {","","","","    // post-init","    // run browser js-env code - post-init","    /* istanbul ignore next */","    case 'browser':","        local.testRunBrowser = function (event) {","            if (!event || (event &&","                    event.currentTarget &&","                    event.currentTarget.className &&","                    event.currentTarget.className.includes &&","                    event.currentTarget.className.includes('onreset'))) {","                // reset output","                Array.from(","                    document.querySelectorAll('body > .resettable')","                ).forEach(function (element) {","                    switch (element.tagName) {","                    case 'INPUT':","                    case 'TEXTAREA':","                        element.value = '';","                        break;","                    default:","                        element.textContent = '';","                    }","                });","            }","            switch (event && event.currentTarget && event.currentTarget.id) {","            case 'testRunButton1':","                // show tests","                if (document.querySelector('#testReportDiv1').style.display === 'none') {","                    document.querySelector('#testReportDiv1').style.display = 'block';","                    document.querySelector('#testRunButton1').textContent =","                        'hide internal test';","                    local.modeTest = true;","                    local.testRunDefault(local);","                // hide tests","                } else {","                    document.querySelector('#testReportDiv1').style.display = 'none';","                    document.querySelector('#testRunButton1').textContent = 'run internal test';","                }","                break;","            // custom-case","            default:","                break;","            }","            if (document.querySelector('#inputTextareaEval1') && (!event || (event &&","                    event.currentTarget &&","                    event.currentTarget.className &&","                    event.currentTarget.className.includes &&","                    event.currentTarget.className.includes('oneval')))) {","                // try to eval input-code","                try {","                    /*jslint evil: true*/","                    eval(document.querySelector('#inputTextareaEval1').value);","                } catch (errorCaught) {","                    console.error(errorCaught);","                }","            }","        };","        // log stderr and stdout to #outputTextareaStdout1","        ['error', 'log'].forEach(function (key) {","            console[key + '_original'] = console[key];","            console[key] = function () {","                var element;","                console[key + '_original'].apply(console, arguments);","                element = document.querySelector('#outputTextareaStdout1');","                if (!element) {","                    return;","                }","                // append text to #outputTextareaStdout1","                element.value += Array.from(arguments).map(function (arg) {","                    return typeof arg === 'string'","                        ? arg","                        : JSON.stringify(arg, null, 4);","                }).join(' ') + '\\n';","                // scroll textarea to bottom","                element.scrollTop = element.scrollHeight;","            };","        });","        // init event-handling","        ['change', 'click', 'keyup'].forEach(function (event) {","            Array.from(document.querySelectorAll('.on' + event)).forEach(function (element) {","                element.addEventListener(event, local.testRunBrowser);","            });","        });","        // run tests","        local.testRunBrowser();","        break;","","","","    // run node js-env code - post-init","    /* istanbul ignore next */","    case 'node':","        // export local","        module.exports = local;","        // require modules","        local.fs = require('fs');","        local.http = require('http');","        local.url = require('url');","        // init assets","        local.assetsDict = local.assetsDict || {};","        /* jslint-ignore-begin */","        local.assetsDict['/assets.index.template.html'] = '\\","<!doctype html>\\n\\","<html lang=\"en\">\\n\\","<head>\\n\\","<meta charset=\"UTF-8\">\\n\\","<meta name=\"viewport\" content=\"width=device-width, initial-scale=1\">\\n\\","<title>{{env.npm_package_name}} (v{{env.npm_package_version}})</title>\\n\\","<style>\\n\\","/*csslint\\n\\","    box-sizing: false,\\n\\","    universal-selector: false\\n\\","*/\\n\\","* {\\n\\","    box-sizing: border-box;\\n\\","}\\n\\","body {\\n\\","    background: #dde;\\n\\","    font-family: Arial, Helvetica, sans-serif;\\n\\","    margin: 2rem;\\n\\","}\\n\\","body > * {\\n\\","    margin-bottom: 1rem;\\n\\","}\\n\\",".utility2FooterDiv {\\n\\","    margin-top: 20px;\\n\\","    text-align: center;\\n\\","}\\n\\","</style>\\n\\","<style>\\n\\","/*csslint\\n\\","*/\\n\\","textarea {\\n\\","    font-family: monospace;\\n\\","    height: 10rem;\\n\\","    width: 100%;\\n\\","}\\n\\","textarea[readonly] {\\n\\","    background: #ddd;\\n\\","}\\n\\","</style>\\n\\","</head>\\n\\","<body>\\n\\","<!-- utility2-comment\\n\\","<div id=\"ajaxProgressDiv1\" style=\"background: #d00; height: 2px; left: 0; margin: 0; padding: 0; position: fixed; top: 0; transition: background 0.5s, width 1.5s; width: 25%;\"></div>\\n\\","utility2-comment -->\\n\\","<h1>\\n\\","<!-- utility2-comment\\n\\","    <a\\n\\","        {{#if env.npm_package_homepage}}\\n\\","        href=\"{{env.npm_package_homepage}}\"\\n\\","        {{/if env.npm_package_homepage}}\\n\\","        target=\"_blank\"\\n\\","    >\\n\\","utility2-comment -->\\n\\","        {{env.npm_package_name}} (v{{env.npm_package_version}})\\n\\","<!-- utility2-comment\\n\\","    </a>\\n\\","utility2-comment -->\\n\\","</h1>\\n\\","<h3>{{env.npm_package_description}}</h3>\\n\\","<!-- utility2-comment\\n\\","<h4><a download href=\"assets.app.js\">download standalone app</a></h4>\\n\\","<button class=\"onclick onreset\" id=\"testRunButton1\">run internal test</button><br>\\n\\","<div id=\"testReportDiv1\" style=\"display: none;\"></div>\\n\\","utility2-comment -->\\n\\","\\n\\","\\n\\","\\n\\","<label>stderr and stdout</label>\\n\\","<textarea class=\"resettable\" id=\"outputTextareaStdout1\" readonly></textarea>\\n\\","<!-- utility2-comment\\n\\","{{#if isRollup}}\\n\\","<script src=\"assets.app.js\"></script>\\n\\","{{#unless isRollup}}\\n\\","utility2-comment -->\\n\\","<script src=\"assets.utility2.rollup.js\"></script>\\n\\","<script src=\"jsonp.utility2._stateInit?callback=window.utility2._stateInit\"></script>\\n\\","<script src=\"assets.npmtest_sworm.rollup.js\"></script>\\n\\","<script src=\"assets.example.js\"></script>\\n\\","<script src=\"assets.test.js\"></script>\\n\\","<!-- utility2-comment\\n\\","{{/if isRollup}}\\n\\","utility2-comment -->\\n\\","<div class=\"utility2FooterDiv\">\\n\\","    [ this app was created with\\n\\","    <a href=\"https://github.com/kaizhu256/node-utility2\" target=\"_blank\">utility2</a>\\n\\","    ]\\n\\","</div>\\n\\","</body>\\n\\","</html>\\n\\","';","        /* jslint-ignore-end */","        if (local.templateRender) {","            local.assetsDict['/'] = local.templateRender(","                local.assetsDict['/assets.index.template.html'],","                {","                    env: local.objectSetDefault(local.env, {","                        npm_package_description: 'the greatest app in the world!',","                        npm_package_name: 'my-app',","                        npm_package_nameAlias: 'my_app',","                        npm_package_version: '0.0.1'","                    })","                }","            );","        } else {","            local.assetsDict['/'] = local.assetsDict['/assets.index.template.html']","                .replace((/\\{\\{env\\.(\\w+?)\\}\\}/g), function (match0, match1) {","                    // jslint-hack","                    String(match0);","                    switch (match1) {","                    case 'npm_package_description':","                        return 'the greatest app in the world!';","                    case 'npm_package_name':","                        return 'my-app';","                    case 'npm_package_nameAlias':","                        return 'my_app';","                    case 'npm_package_version':","                        return '0.0.1';","                    }","                });","        }","        // run the cli","        if (local.global.utility2_rollup || module !== require.main) {","            break;","        }","        local.assetsDict['/assets.example.js'] =","            local.assetsDict['/assets.example.js'] ||","            local.fs.readFileSync(__filename, 'utf8');","        // bug-workaround - long $npm_package_buildCustomOrg","        /* jslint-ignore-begin */","        local.assetsDict['/assets.npmtest_sworm.rollup.js'] =","            local.assetsDict['/assets.npmtest_sworm.rollup.js'] ||","            local.fs.readFileSync(","                local.npmtest_sworm.__dirname + '/lib.npmtest_sworm.js',","                'utf8'","            ).replace((/^#!/), '//');","        /* jslint-ignore-end */","        local.assetsDict['/favicon.ico'] = local.assetsDict['/favicon.ico'] || '';","        // if $npm_config_timeout_exit exists,","        // then exit this process after $npm_config_timeout_exit ms","        if (Number(process.env.npm_config_timeout_exit)) {","            setTimeout(process.exit, Number(process.env.npm_config_timeout_exit));","        }","        // start server","        if (local.global.utility2_serverHttp1) {","            break;","        }","        process.env.PORT = process.env.PORT || '8081';","        console.error('server starting on port ' + process.env.PORT);","        local.http.createServer(function (request, response) {","            request.urlParsed = local.url.parse(request.url);","            if (local.assetsDict[request.urlParsed.pathname] !== undefined) {","                response.end(local.assetsDict[request.urlParsed.pathname]);","                return;","            }","            response.statusCode = 404;","            response.end();","        }).listen(process.env.PORT);","        break;","    }","}());",""],"l":{"26":2,"28":2,"33":2,"35":2,"37":2,"38":2,"39":2,"44":1,"51":2,"55":2,"59":2,"61":2,"69":1,"70":2,"76":2,"79":2,"82":2,"83":2,"85":1,"89":2,"92":1,"93":1,"94":1,"96":1,"97":1,"100":1,"101":1,"103":1,"106":1,"108":2,"114":1,"116":1,"118":1,"123":1,"124":2,"125":2,"126":3,"127":3,"128":3,"129":3,"130":1,"133":3,"134":3,"139":3,"143":1,"144":3,"145":1,"149":1,"150":1,"158":1,"160":1,"161":1,"162":1,"164":1,"166":1,"258":1,"259":1,"271":1,"274":6,"275":6,"277":1,"279":2,"281":1,"283":2,"288":1,"289":1,"291":1,"296":1,"303":1,"306":1,"307":1,"310":1,"311":1,"313":1,"314":1,"315":1,"316":1,"317":1,"318":1,"319":1,"321":1,"322":1,"324":1}},"/home/travis/build/npmtest/node-npmtest-sworm/node_modules/sworm/index.js":{"path":"/home/travis/build/npmtest/node-npmtest-sworm/node_modules/sworm/index.js","s":{"1":1,"2":1,"3":1,"4":1,"5":1,"6":1,"7":1,"8":1,"9":1,"10":1,"11":1,"12":1,"13":1,"14":1,"15":1,"16":0,"17":0,"18":0,"19":1,"20":0,"21":0,"22":0,"23":0,"24":0,"25":1,"26":0,"27":0,"28":0,"29":0,"30":0,"31":0,"32":0,"33":0,"34":0,"35":0,"36":1,"37":0,"38":0,"39":0,"40":0,"41":0,"42":0,"43":0,"44":0,"45":0,"46":0,"47":0,"48":1,"49":0,"50":0,"51":0,"52":0,"53":0,"54":0,"55":0,"56":0,"57":0,"58":0,"59":0,"60":0,"61":0,"62":0,"63":0,"64":0,"65":0,"66":0,"67":1,"68":0,"69":0,"70":0,"71":0,"72":0,"73":0,"74":0,"75":0,"76":1,"77":0,"78":0,"79":0,"80":0,"81":0,"82":0,"83":1,"84":0,"85":0,"86":1,"87":0,"88":0,"89":0,"90":0,"91":1,"92":0,"93":0,"94":1,"95":0,"96":0,"97":0,"98":0,"99":0,"100":1,"101":0,"102":0,"103":0,"104":0,"105":0,"106":0,"107":0,"108":0,"109":0,"110":0,"111":0,"112":0,"113":0,"114":0,"115":0,"116":0,"117":0,"118":0,"119":0,"120":0,"121":0,"122":0,"123":0,"124":0,"125":0,"126":0,"127":0,"128":0,"129":0,"130":0,"131":0,"132":0,"133":0,"134":0,"135":0,"136":0,"137":0,"138":0,"139":0,"140":0,"141":0,"142":0,"143":0,"144":0,"145":0,"146":0,"147":0,"148":0,"149":0,"150":0,"151":0,"152":0,"153":0,"154":0,"155":0,"156":1,"157":0,"158":1,"159":0,"160":0,"161":0,"162":0,"163":0,"164":0,"165":0,"166":1,"167":0,"168":0,"169":0,"170":0,"171":0,"172":0,"173":0,"174":0,"175":0,"176":0,"177":0,"178":0,"179":0,"180":0,"181":0,"182":0,"183":0,"184":0,"185":0,"186":0,"187":0,"188":0,"189":0,"190":0,"191":0,"192":0,"193":0,"194":0,"195":0,"196":0,"197":0,"198":0,"199":0,"200":0,"201":0,"202":0,"203":0,"204":0,"205":0,"206":0,"207":0,"208":0,"209":0,"210":0,"211":0,"212":0,"213":0,"214":0,"215":0,"216":0,"217":0,"218":0,"219":0,"220":0,"221":0,"222":0,"223":0,"224":0,"225":0,"226":0,"227":0,"228":0,"229":0,"230":0,"231":0,"232":0,"233":0,"234":0,"235":0,"236":0,"237":0,"238":0,"239":0,"240":0,"241":0,"242":0,"243":0,"244":0,"245":0,"246":0,"247":0,"248":0,"249":0,"250":0,"251":0,"252":0,"253":0,"254":0,"255":0,"256":0,"257":0,"258":0,"259":0,"260":0,"261":0,"262":0,"263":0,"264":0,"265":0,"266":0,"267":0,"268":0,"269":0,"270":0,"271":1,"272":1,"273":0,"274":0,"275":0,"276":1,"277":0,"278":0,"279":0,"280":0,"281":0},"b":{"1":[0,0,0,0],"2":[0,0,0],"3":[0,0],"4":[0,0],"5":[0,0,0,0],"6":[0,0],"7":[0,0],"8":[0,0],"9":[0,0],"10":[0,0],"11":[0,0],"12":[0,0],"13":[0,0],"14":[0,0],"15":[0,0],"16":[0,0],"17":[0,0],"18":[0,0],"19":[0,0],"20":[0,0],"21":[0,0],"22":[0,0],"23":[0,0],"24":[0,0],"25":[0,0],"26":[0,0],"27":[0,0],"28":[0,0],"29":[0,0],"30":[0,0],"31":[0,0],"32":[0,0],"33":[0,0],"34":[0,0],"35":[0,0],"36":[0,0],"37":[0,0],"38":[0,0],"39":[0,0],"40":[0,0],"41":[0,0],"42":[0,0],"43":[0,0],"44":[0,0],"45":[0,0],"46":[0,0],"47":[0,0],"48":[0,0],"49":[0,0],"50":[0,0],"51":[0,0],"52":[0,0],"53":[0,0],"54":[0,0],"55":[0,0],"56":[0,0],"57":[0,0],"58":[0,0],"59":[0,0],"60":[0,0],"61":[0,0],"62":[0,0],"63":[0,0],"64":[0,0],"65":[0,0],"66":[0,0],"67":[0,0],"68":[0,0],"69":[0,0],"70":[0,0],"71":[0,0],"72":[0,0],"73":[0,0],"74":[0,0],"75":[0,0],"76":[0,0],"77":[0,0],"78":[0,0],"79":[0,0],"80":[0,0],"81":[0,0],"82":[0,0],"83":[0,0],"84":[0,0]},"f":{"1":1,"2":0,"3":0,"4":0,"5":0,"6":0,"7":0,"8":0,"9":0,"10":0,"11":0,"12":0,"13":0,"14":0,"15":0,"16":0,"17":0,"18":0,"19":0,"20":0,"21":0,"22":0,"23":0,"24":0,"25":0,"26":0,"27":0,"28":0,"29":0,"30":0,"31":0,"32":0,"33":0,"34":0,"35":0,"36":0,"37":0,"38":0,"39":0,"40":0,"41":0,"42":0,"43":0,"44":0,"45":0,"46":0,"47":0,"48":0,"49":0,"50":0,"51":0,"52":0,"53":0,"54":0,"55":0,"56":0,"57":0,"58":0,"59":0,"60":0,"61":0,"62":0,"63":0,"64":0,"65":0,"66":0,"67":0,"68":0,"69":0,"70":0,"71":0,"72":0,"73":0,"74":0,"75":0,"76":0,"77":0,"78":0,"79":0,"80":0,"81":0,"82":0},"fnMap":{"1":{"name":"(anonymous_1)","line":15,"loc":{"start":{"line":15,"column":14},"end":{"line":15,"column":25}}},"2":{"name":"fieldsForObject","line":16,"loc":{"start":{"line":16,"column":2},"end":{"line":16,"column":32}}},"3":{"name":"(anonymous_3)","line":17,"loc":{"start":{"line":17,"column":35},"end":{"line":17,"column":50}}},"4":{"name":"foreignFieldsForObject","line":30,"loc":{"start":{"line":30,"column":2},"end":{"line":30,"column":39}}},"5":{"name":"(anonymous_5)","line":31,"loc":{"start":{"line":31,"column":35},"end":{"line":31,"column":50}}},"6":{"name":"insertStatement","line":41,"loc":{"start":{"line":41,"column":2},"end":{"line":41,"column":38}}},"7":{"name":"(anonymous_7)","line":43,"loc":{"start":{"line":43,"column":26},"end":{"line":43,"column":41}}},"8":{"name":"insert","line":60,"loc":{"start":{"line":60,"column":2},"end":{"line":60,"column":23}}},"9":{"name":"(anonymous_9)","line":61,"loc":{"start":{"line":61,"column":38},"end":{"line":61,"column":50}}},"10":{"name":"(anonymous_10)","line":75,"loc":{"start":{"line":75,"column":14},"end":{"line":75,"column":32}}},"11":{"name":"update","line":87,"loc":{"start":{"line":87,"column":2},"end":{"line":87,"column":23}}},"12":{"name":"(anonymous_12)","line":88,"loc":{"start":{"line":88,"column":43},"end":{"line":88,"column":58}}},"13":{"name":"(anonymous_13)","line":91,"loc":{"start":{"line":91,"column":31},"end":{"line":91,"column":46}}},"14":{"name":"(anonymous_14)","line":103,"loc":{"start":{"line":103,"column":37},"end":{"line":103,"column":52}}},"15":{"name":"(anonymous_15)","line":113,"loc":{"start":{"line":113,"column":90},"end":{"line":113,"column":107}}},"16":{"name":"foreignField","line":122,"loc":{"start":{"line":122,"column":2},"end":{"line":122,"column":36}}},"17":{"name":"saveManyToOne","line":136,"loc":{"start":{"line":136,"column":2},"end":{"line":136,"column":46}}},"18":{"name":"(anonymous_18)","line":140,"loc":{"start":{"line":140,"column":38},"end":{"line":140,"column":50}}},"19":{"name":"saveManyToOnes","line":153,"loc":{"start":{"line":153,"column":2},"end":{"line":153,"column":40}}},"20":{"name":"(anonymous_20)","line":154,"loc":{"start":{"line":154,"column":55},"end":{"line":154,"column":72}}},"21":{"name":"saveOneToMany","line":159,"loc":{"start":{"line":159,"column":2},"end":{"line":159,"column":46}}},"22":{"name":"(anonymous_22)","line":163,"loc":{"start":{"line":163,"column":35},"end":{"line":163,"column":51}}},"23":{"name":"saveOneToManys","line":169,"loc":{"start":{"line":169,"column":2},"end":{"line":169,"column":40}}},"24":{"name":"(anonymous_24)","line":170,"loc":{"start":{"line":170,"column":55},"end":{"line":170,"column":72}}},"25":{"name":"hash","line":175,"loc":{"start":{"line":175,"column":2},"end":{"line":175,"column":21}}},"26":{"name":"(anonymous_26)","line":177,"loc":{"start":{"line":177,"column":42},"end":{"line":177,"column":59}}},"27":{"name":"(anonymous_27)","line":185,"loc":{"start":{"line":185,"column":10},"end":{"line":185,"column":28}}},"28":{"name":"(anonymous_28)","line":205,"loc":{"start":{"line":205,"column":89},"end":{"line":205,"column":101}}},"29":{"name":"(anonymous_29)","line":209,"loc":{"start":{"line":209,"column":37},"end":{"line":209,"column":49}}},"30":{"name":"(anonymous_30)","line":219,"loc":{"start":{"line":219,"column":16},"end":{"line":219,"column":33}}},"31":{"name":"(anonymous_31)","line":222,"loc":{"start":{"line":222,"column":11},"end":{"line":222,"column":28}}},"32":{"name":"(anonymous_32)","line":228,"loc":{"start":{"line":228,"column":47},"end":{"line":228,"column":60}}},"33":{"name":"(anonymous_33)","line":239,"loc":{"start":{"line":239,"column":13},"end":{"line":239,"column":24}}},"34":{"name":"(anonymous_34)","line":243,"loc":{"start":{"line":243,"column":14},"end":{"line":243,"column":26}}},"35":{"name":"(anonymous_35)","line":247,"loc":{"start":{"line":247,"column":35},"end":{"line":247,"column":49}}},"36":{"name":"(anonymous_36)","line":256,"loc":{"start":{"line":256,"column":17},"end":{"line":256,"column":29}}},"37":{"name":"(anonymous_37)","line":259,"loc":{"start":{"line":259,"column":35},"end":{"line":259,"column":49}}},"38":{"name":"(anonymous_38)","line":267,"loc":{"start":{"line":267,"column":11},"end":{"line":267,"column":22}}},"39":{"name":"(anonymous_39)","line":271,"loc":{"start":{"line":271,"column":15},"end":{"line":271,"column":32}}},"40":{"name":"(anonymous_40)","line":282,"loc":{"start":{"line":282,"column":19},"end":{"line":282,"column":30}}},"41":{"name":"(anonymous_41)","line":294,"loc":{"start":{"line":294,"column":14},"end":{"line":294,"column":25}}},"42":{"name":"(anonymous_42)","line":302,"loc":{"start":{"line":302,"column":12},"end":{"line":302,"column":24}}},"43":{"name":"(anonymous_43)","line":306,"loc":{"start":{"line":306,"column":12},"end":{"line":306,"column":24}}},"44":{"name":"(anonymous_44)","line":310,"loc":{"start":{"line":310,"column":12},"end":{"line":310,"column":24}}},"45":{"name":"isModelMeta","line":320,"loc":{"start":{"line":320,"column":0},"end":{"line":320,"column":33}}},"46":{"name":"(anonymous_46)","line":324,"loc":{"start":{"line":324,"column":13},"end":{"line":324,"column":30}}},"47":{"name":"(anonymous_47)","line":329,"loc":{"start":{"line":329,"column":11},"end":{"line":329,"column":33}}},"48":{"name":"model","line":341,"loc":{"start":{"line":341,"column":6},"end":{"line":341,"column":35}}},"49":{"name":"(anonymous_49)","line":356,"loc":{"start":{"line":356,"column":20},"end":{"line":356,"column":31}}},"50":{"name":"(anonymous_50)","line":358,"loc":{"start":{"line":358,"column":50},"end":{"line":358,"column":70}}},"51":{"name":"(anonymous_51)","line":359,"loc":{"start":{"line":359,"column":30},"end":{"line":359,"column":43}}},"52":{"name":"(anonymous_52)","line":368,"loc":{"start":{"line":368,"column":11},"end":{"line":368,"column":47}}},"53":{"name":"(anonymous_53)","line":375,"loc":{"start":{"line":375,"column":32},"end":{"line":375,"column":44}}},"54":{"name":"(anonymous_54)","line":380,"loc":{"start":{"line":380,"column":28},"end":{"line":380,"column":47}}},"55":{"name":"(anonymous_55)","line":383,"loc":{"start":{"line":383,"column":11},"end":{"line":383,"column":24}}},"56":{"name":"(anonymous_56)","line":390,"loc":{"start":{"line":390,"column":15},"end":{"line":390,"column":48}}},"57":{"name":"(anonymous_57)","line":395,"loc":{"start":{"line":395,"column":19},"end":{"line":395,"column":32}}},"58":{"name":"(anonymous_58)","line":403,"loc":{"start":{"line":403,"column":14},"end":{"line":403,"column":45}}},"59":{"name":"(anonymous_59)","line":407,"loc":{"start":{"line":407,"column":16},"end":{"line":407,"column":58}}},"60":{"name":"(anonymous_60)","line":427,"loc":{"start":{"line":427,"column":22},"end":{"line":427,"column":33}}},"61":{"name":"(anonymous_61)","line":435,"loc":{"start":{"line":435,"column":13},"end":{"line":435,"column":35}}},"62":{"name":"(anonymous_62)","line":472,"loc":{"start":{"line":472,"column":62},"end":{"line":472,"column":74}}},"63":{"name":"(anonymous_63)","line":478,"loc":{"start":{"line":478,"column":70},"end":{"line":478,"column":88}}},"64":{"name":"(anonymous_64)","line":481,"loc":{"start":{"line":481,"column":13},"end":{"line":481,"column":30}}},"65":{"name":"(anonymous_65)","line":491,"loc":{"start":{"line":491,"column":36},"end":{"line":491,"column":48}}},"66":{"name":"(anonymous_66)","line":493,"loc":{"start":{"line":493,"column":16},"end":{"line":493,"column":34}}},"67":{"name":"(anonymous_67)","line":494,"loc":{"start":{"line":494,"column":35},"end":{"line":494,"column":47}}},"68":{"name":"(anonymous_68)","line":497,"loc":{"start":{"line":497,"column":11},"end":{"line":497,"column":28}}},"69":{"name":"(anonymous_69)","line":498,"loc":{"start":{"line":498,"column":35},"end":{"line":498,"column":47}}},"70":{"name":"(anonymous_70)","line":505,"loc":{"start":{"line":505,"column":17},"end":{"line":505,"column":40}}},"71":{"name":"(anonymous_71)","line":513,"loc":{"start":{"line":513,"column":38},"end":{"line":513,"column":49}}},"72":{"name":"(anonymous_72)","line":515,"loc":{"start":{"line":515,"column":14},"end":{"line":515,"column":26}}},"73":{"name":"(anonymous_73)","line":516,"loc":{"start":{"line":516,"column":34},"end":{"line":516,"column":45}}},"74":{"name":"(anonymous_74)","line":517,"loc":{"start":{"line":517,"column":9},"end":{"line":517,"column":21}}},"75":{"name":"(anonymous_75)","line":518,"loc":{"start":{"line":518,"column":36},"end":{"line":518,"column":47}}},"76":{"name":"(anonymous_76)","line":522,"loc":{"start":{"line":522,"column":11},"end":{"line":522,"column":30}}},"77":{"name":"(anonymous_77)","line":530,"loc":{"start":{"line":530,"column":12},"end":{"line":530,"column":24}}},"78":{"name":"(anonymous_78)","line":538,"loc":{"start":{"line":538,"column":14},"end":{"line":538,"column":26}}},"79":{"name":"(anonymous_79)","line":546,"loc":{"start":{"line":546,"column":11},"end":{"line":546,"column":22}}},"80":{"name":"(anonymous_80)","line":550,"loc":{"start":{"line":550,"column":40},"end":{"line":550,"column":52}}},"81":{"name":"(anonymous_81)","line":563,"loc":{"start":{"line":563,"column":17},"end":{"line":563,"column":33}}},"82":{"name":"configFromUrl","line":571,"loc":{"start":{"line":571,"column":0},"end":{"line":571,"column":28}}}},"statementMap":{"1":{"start":{"line":1,"column":0},"end":{"line":1,"column":31}},"2":{"start":{"line":2,"column":0},"end":{"line":2,"column":30}},"3":{"start":{"line":3,"column":0},"end":{"line":3,"column":43}},"4":{"start":{"line":4,"column":0},"end":{"line":4,"column":37}},"5":{"start":{"line":5,"column":0},"end":{"line":5,"column":43}},"6":{"start":{"line":6,"column":0},"end":{"line":6,"column":45}},"7":{"start":{"line":7,"column":0},"end":{"line":7,"column":45}},"8":{"start":{"line":8,"column":0},"end":{"line":8,"column":45}},"9":{"start":{"line":9,"column":0},"end":{"line":9,"column":38}},"10":{"start":{"line":10,"column":0},"end":{"line":10,"column":53}},"11":{"start":{"line":11,"column":0},"end":{"line":11,"column":45}},"12":{"start":{"line":12,"column":0},"end":{"line":12,"column":29}},"13":{"start":{"line":13,"column":0},"end":{"line":13,"column":36}},"14":{"start":{"line":15,"column":0},"end":{"line":318,"column":4}},"15":{"start":{"line":16,"column":2},"end":{"line":28,"column":3}},"16":{"start":{"line":17,"column":4},"end":{"line":27,"column":7}},"17":{"start":{"line":18,"column":6},"end":{"line":18,"column":27}},"18":{"start":{"line":19,"column":6},"end":{"line":26,"column":10}},"19":{"start":{"line":30,"column":2},"end":{"line":39,"column":3}},"20":{"start":{"line":31,"column":4},"end":{"line":38,"column":7}},"21":{"start":{"line":32,"column":6},"end":{"line":37,"column":7}},"22":{"start":{"line":33,"column":8},"end":{"line":33,"column":21}},"23":{"start":{"line":35,"column":8},"end":{"line":35,"column":29}},"24":{"start":{"line":36,"column":8},"end":{"line":36,"column":130}},"25":{"start":{"line":41,"column":2},"end":{"line":58,"column":3}},"26":{"start":{"line":42,"column":4},"end":{"line":42,"column":33}},"27":{"start":{"line":43,"column":4},"end":{"line":43,"column":75}},"28":{"start":{"line":43,"column":43},"end":{"line":43,"column":60}},"29":{"start":{"line":45,"column":4},"end":{"line":57,"column":5}},"30":{"start":{"line":46,"column":6},"end":{"line":50,"column":7}},"31":{"start":{"line":47,"column":8},"end":{"line":47,"column":58}},"32":{"start":{"line":49,"column":8},"end":{"line":49,"column":68}},"33":{"start":{"line":52,"column":6},"end":{"line":56,"column":7}},"34":{"start":{"line":53,"column":8},"end":{"line":53,"column":77}},"35":{"start":{"line":55,"column":8},"end":{"line":55,"column":94}},"36":{"start":{"line":60,"column":2},"end":{"line":85,"column":3}},"37":{"start":{"line":61,"column":4},"end":{"line":84,"column":7}},"38":{"start":{"line":62,"column":6},"end":{"line":62,"column":38}},"39":{"start":{"line":63,"column":6},"end":{"line":63,"column":55}},"40":{"start":{"line":65,"column":6},"end":{"line":65,"column":37}},"41":{"start":{"line":67,"column":6},"end":{"line":69,"column":7}},"42":{"start":{"line":68,"column":8},"end":{"line":68,"column":86}},"43":{"start":{"line":71,"column":6},"end":{"line":83,"column":9}},"44":{"start":{"line":76,"column":8},"end":{"line":76,"column":23}},"45":{"start":{"line":78,"column":8},"end":{"line":80,"column":9}},"46":{"start":{"line":79,"column":10},"end":{"line":79,"column":40}},"47":{"start":{"line":82,"column":8},"end":{"line":82,"column":35}},"48":{"start":{"line":87,"column":2},"end":{"line":120,"column":3}},"49":{"start":{"line":88,"column":4},"end":{"line":90,"column":7}},"50":{"start":{"line":89,"column":6},"end":{"line":89,"column":34}},"51":{"start":{"line":91,"column":4},"end":{"line":93,"column":18}},"52":{"start":{"line":92,"column":6},"end":{"line":92,"column":32}},"53":{"start":{"line":95,"column":4},"end":{"line":95,"column":20}},"54":{"start":{"line":97,"column":4},"end":{"line":99,"column":5}},"55":{"start":{"line":98,"column":6},"end":{"line":98,"column":96}},"56":{"start":{"line":101,"column":4},"end":{"line":109,"column":5}},"57":{"start":{"line":102,"column":6},"end":{"line":102,"column":42}},"58":{"start":{"line":103,"column":6},"end":{"line":105,"column":23}},"59":{"start":{"line":104,"column":8},"end":{"line":104,"column":34}},"60":{"start":{"line":107,"column":6},"end":{"line":107,"column":30}},"61":{"start":{"line":108,"column":6},"end":{"line":108,"column":57}},"62":{"start":{"line":111,"column":4},"end":{"line":111,"column":104}},"63":{"start":{"line":113,"column":4},"end":{"line":119,"column":7}},"64":{"start":{"line":114,"column":6},"end":{"line":118,"column":7}},"65":{"start":{"line":115,"column":8},"end":{"line":115,"column":123}},"66":{"start":{"line":117,"column":8},"end":{"line":117,"column":35}},"67":{"start":{"line":122,"column":2},"end":{"line":134,"column":3}},"68":{"start":{"line":123,"column":4},"end":{"line":123,"column":23}},"69":{"start":{"line":124,"column":4},"end":{"line":133,"column":5}},"70":{"start":{"line":125,"column":6},"end":{"line":125,"column":34}},"71":{"start":{"line":126,"column":6},"end":{"line":128,"column":7}},"72":{"start":{"line":127,"column":8},"end":{"line":127,"column":67}},"73":{"start":{"line":129,"column":6},"end":{"line":129,"column":25}},"74":{"start":{"line":130,"column":6},"end":{"line":130,"column":19}},"75":{"start":{"line":132,"column":6},"end":{"line":132,"column":15}},"76":{"start":{"line":136,"column":2},"end":{"line":151,"column":3}},"77":{"start":{"line":137,"column":4},"end":{"line":137,"column":26}},"78":{"start":{"line":139,"column":4},"end":{"line":150,"column":5}},"79":{"start":{"line":140,"column":6},"end":{"line":149,"column":9}},"80":{"start":{"line":141,"column":8},"end":{"line":144,"column":28}},"81":{"start":{"line":146,"column":8},"end":{"line":148,"column":9}},"82":{"start":{"line":147,"column":10},"end":{"line":147,"column":44}},"83":{"start":{"line":153,"column":2},"end":{"line":157,"column":3}},"84":{"start":{"line":154,"column":4},"end":{"line":156,"column":8}},"85":{"start":{"line":155,"column":6},"end":{"line":155,"column":48}},"86":{"start":{"line":159,"column":2},"end":{"line":167,"column":3}},"87":{"start":{"line":160,"column":4},"end":{"line":160,"column":41}},"88":{"start":{"line":162,"column":4},"end":{"line":166,"column":5}},"89":{"start":{"line":163,"column":6},"end":{"line":165,"column":10}},"90":{"start":{"line":164,"column":8},"end":{"line":164,"column":34}},"91":{"start":{"line":169,"column":2},"end":{"line":173,"column":3}},"92":{"start":{"line":170,"column":4},"end":{"line":172,"column":8}},"93":{"start":{"line":171,"column":6},"end":{"line":171,"column":48}},"94":{"start":{"line":175,"column":2},"end":{"line":182,"column":3}},"95":{"start":{"line":176,"column":4},"end":{"line":176,"column":37}},"96":{"start":{"line":177,"column":4},"end":{"line":179,"column":7}},"97":{"start":{"line":178,"column":6},"end":{"line":178,"column":33}},"98":{"start":{"line":180,"column":4},"end":{"line":180,"column":37}},"99":{"start":{"line":181,"column":4},"end":{"line":181,"column":27}},"100":{"start":{"line":184,"column":2},"end":{"line":317,"column":4}},"101":{"start":{"line":186,"column":6},"end":{"line":186,"column":39}},"102":{"start":{"line":188,"column":6},"end":{"line":188,"column":22}},"103":{"start":{"line":189,"column":6},"end":{"line":189,"column":91}},"104":{"start":{"line":190,"column":6},"end":{"line":190,"column":91}},"105":{"start":{"line":191,"column":6},"end":{"line":191,"column":104}},"106":{"start":{"line":193,"column":6},"end":{"line":193,"column":28}},"107":{"start":{"line":194,"column":6},"end":{"line":194,"column":28}},"108":{"start":{"line":196,"column":6},"end":{"line":202,"column":7}},"109":{"start":{"line":197,"column":8},"end":{"line":197,"column":34}},"110":{"start":{"line":198,"column":8},"end":{"line":198,"column":54}},"111":{"start":{"line":200,"column":8},"end":{"line":200,"column":33}},"112":{"start":{"line":201,"column":8},"end":{"line":201,"column":31}},"113":{"start":{"line":204,"column":6},"end":{"line":226,"column":7}},"114":{"start":{"line":205,"column":8},"end":{"line":225,"column":12}},"115":{"start":{"line":206,"column":10},"end":{"line":218,"column":11}},"116":{"start":{"line":207,"column":12},"end":{"line":207,"column":89}},"117":{"start":{"line":209,"column":12},"end":{"line":213,"column":15}},"118":{"start":{"line":210,"column":14},"end":{"line":212,"column":16}},"119":{"start":{"line":215,"column":12},"end":{"line":217,"column":14}},"120":{"start":{"line":220,"column":10},"end":{"line":220,"column":32}},"121":{"start":{"line":221,"column":10},"end":{"line":221,"column":23}},"122":{"start":{"line":223,"column":10},"end":{"line":223,"column":32}},"123":{"start":{"line":224,"column":10},"end":{"line":224,"column":22}},"124":{"start":{"line":228,"column":6},"end":{"line":230,"column":10}},"125":{"start":{"line":229,"column":8},"end":{"line":229,"column":28}},"126":{"start":{"line":232,"column":6},"end":{"line":236,"column":7}},"127":{"start":{"line":233,"column":8},"end":{"line":233,"column":68}},"128":{"start":{"line":235,"column":8},"end":{"line":235,"column":28}},"129":{"start":{"line":240,"column":6},"end":{"line":240,"column":54}},"130":{"start":{"line":244,"column":6},"end":{"line":253,"column":7}},"131":{"start":{"line":245,"column":8},"end":{"line":252,"column":9}},"132":{"start":{"line":246,"column":10},"end":{"line":246,"column":26}},"133":{"start":{"line":247,"column":10},"end":{"line":249,"column":13}},"134":{"start":{"line":248,"column":12},"end":{"line":248,"column":28}},"135":{"start":{"line":251,"column":10},"end":{"line":251,"column":37}},"136":{"start":{"line":257,"column":6},"end":{"line":264,"column":7}},"137":{"start":{"line":258,"column":8},"end":{"line":258,"column":24}},"138":{"start":{"line":259,"column":8},"end":{"line":261,"column":11}},"139":{"start":{"line":260,"column":10},"end":{"line":260,"column":54}},"140":{"start":{"line":263,"column":8},"end":{"line":263,"column":74}},"141":{"start":{"line":268,"column":6},"end":{"line":268,"column":25}},"142":{"start":{"line":272,"column":6},"end":{"line":279,"column":7}},"143":{"start":{"line":273,"column":8},"end":{"line":276,"column":11}},"144":{"start":{"line":278,"column":8},"end":{"line":278,"column":28}},"145":{"start":{"line":283,"column":6},"end":{"line":291,"column":7}},"146":{"start":{"line":284,"column":8},"end":{"line":284,"column":32}},"147":{"start":{"line":285,"column":8},"end":{"line":285,"column":26}},"148":{"start":{"line":287,"column":8},"end":{"line":290,"column":11}},"149":{"start":{"line":295,"column":6},"end":{"line":299,"column":7}},"150":{"start":{"line":296,"column":8},"end":{"line":298,"column":11}},"151":{"start":{"line":303,"column":6},"end":{"line":303,"column":38}},"152":{"start":{"line":307,"column":6},"end":{"line":307,"column":38}},"153":{"start":{"line":311,"column":6},"end":{"line":315,"column":7}},"154":{"start":{"line":312,"column":8},"end":{"line":312,"column":28}},"155":{"start":{"line":314,"column":8},"end":{"line":314,"column":28}},"156":{"start":{"line":320,"column":0},"end":{"line":322,"column":1}},"157":{"start":{"line":321,"column":2},"end":{"line":321,"column":64}},"158":{"start":{"line":324,"column":0},"end":{"line":560,"column":2}},"159":{"start":{"line":325,"column":2},"end":{"line":557,"column":4}},"160":{"start":{"line":330,"column":6},"end":{"line":330,"column":51}},"161":{"start":{"line":331,"column":6},"end":{"line":333,"column":43}},"162":{"start":{"line":335,"column":6},"end":{"line":335,"column":28}},"163":{"start":{"line":336,"column":6},"end":{"line":336,"column":30}},"164":{"start":{"line":337,"column":6},"end":{"line":337,"column":67}},"165":{"start":{"line":339,"column":6},"end":{"line":339,"column":67}},"166":{"start":{"line":341,"column":6},"end":{"line":354,"column":7}},"167":{"start":{"line":342,"column":8},"end":{"line":342,"column":104}},"168":{"start":{"line":343,"column":8},"end":{"line":343,"column":113}},"169":{"start":{"line":344,"column":8},"end":{"line":344,"column":63}},"170":{"start":{"line":346,"column":8},"end":{"line":351,"column":9}},"171":{"start":{"line":347,"column":10},"end":{"line":347,"column":25}},"172":{"start":{"line":348,"column":10},"end":{"line":350,"column":11}},"173":{"start":{"line":349,"column":12},"end":{"line":349,"column":32}},"174":{"start":{"line":353,"column":8},"end":{"line":353,"column":19}},"175":{"start":{"line":356,"column":6},"end":{"line":363,"column":8}},"176":{"start":{"line":357,"column":8},"end":{"line":357,"column":24}},"177":{"start":{"line":358,"column":8},"end":{"line":362,"column":11}},"178":{"start":{"line":359,"column":10},"end":{"line":361,"column":13}},"179":{"start":{"line":360,"column":12},"end":{"line":360,"column":42}},"180":{"start":{"line":365,"column":6},"end":{"line":365,"column":19}},"181":{"start":{"line":369,"column":6},"end":{"line":369,"column":22}},"182":{"start":{"line":370,"column":6},"end":{"line":370,"column":61}},"183":{"start":{"line":371,"column":6},"end":{"line":371,"column":35}},"184":{"start":{"line":372,"column":6},"end":{"line":372,"column":37}},"185":{"start":{"line":373,"column":6},"end":{"line":373,"column":34}},"186":{"start":{"line":375,"column":6},"end":{"line":387,"column":9}},"187":{"start":{"line":376,"column":8},"end":{"line":378,"column":53}},"188":{"start":{"line":380,"column":8},"end":{"line":386,"column":11}},"189":{"start":{"line":381,"column":10},"end":{"line":381,"column":59}},"190":{"start":{"line":382,"column":10},"end":{"line":382,"column":25}},"191":{"start":{"line":384,"column":10},"end":{"line":384,"column":42}},"192":{"start":{"line":385,"column":10},"end":{"line":385,"column":18}},"193":{"start":{"line":391,"column":6},"end":{"line":391,"column":53}},"194":{"start":{"line":392,"column":6},"end":{"line":392,"column":48}},"195":{"start":{"line":396,"column":6},"end":{"line":400,"column":7}},"196":{"start":{"line":397,"column":8},"end":{"line":397,"column":20}},"197":{"start":{"line":399,"column":8},"end":{"line":399,"column":39}},"198":{"start":{"line":404,"column":6},"end":{"line":404,"column":34}},"199":{"start":{"line":408,"column":6},"end":{"line":424,"column":7}},"200":{"start":{"line":409,"column":8},"end":{"line":409,"column":57}},"201":{"start":{"line":411,"column":8},"end":{"line":415,"column":9}},"202":{"start":{"line":412,"column":10},"end":{"line":412,"column":31}},"203":{"start":{"line":414,"column":10},"end":{"line":414,"column":23}},"204":{"start":{"line":417,"column":8},"end":{"line":423,"column":9}},"205":{"start":{"line":418,"column":10},"end":{"line":418,"column":52}},"206":{"start":{"line":419,"column":15},"end":{"line":423,"column":9}},"207":{"start":{"line":420,"column":10},"end":{"line":420,"column":68}},"208":{"start":{"line":421,"column":15},"end":{"line":423,"column":9}},"209":{"start":{"line":422,"column":10},"end":{"line":422,"column":39}},"210":{"start":{"line":428,"column":6},"end":{"line":430,"column":7}},"211":{"start":{"line":429,"column":8},"end":{"line":429,"column":115}},"212":{"start":{"line":436,"column":6},"end":{"line":439,"column":7}},"213":{"start":{"line":437,"column":8},"end":{"line":437,"column":20}},"214":{"start":{"line":438,"column":8},"end":{"line":438,"column":27}},"215":{"start":{"line":440,"column":6},"end":{"line":442,"column":7}},"216":{"start":{"line":441,"column":8},"end":{"line":441,"column":29}},"217":{"start":{"line":443,"column":6},"end":{"line":445,"column":7}},"218":{"start":{"line":444,"column":8},"end":{"line":444,"column":48}},"219":{"start":{"line":447,"column":6},"end":{"line":447,"column":22}},"220":{"start":{"line":449,"column":6},"end":{"line":451,"column":7}},"221":{"start":{"line":450,"column":8},"end":{"line":450,"column":31}},"222":{"start":{"line":453,"column":6},"end":{"line":453,"column":30}},"223":{"start":{"line":455,"column":6},"end":{"line":455,"column":56}},"224":{"start":{"line":457,"column":6},"end":{"line":464,"column":28}},"225":{"start":{"line":466,"column":6},"end":{"line":468,"column":7}},"226":{"start":{"line":467,"column":10},"end":{"line":467,"column":74}},"227":{"start":{"line":470,"column":6},"end":{"line":470,"column":29}},"228":{"start":{"line":472,"column":6},"end":{"line":486,"column":9}},"229":{"start":{"line":473,"column":8},"end":{"line":473,"column":57}},"230":{"start":{"line":474,"column":8},"end":{"line":474,"column":30}},"231":{"start":{"line":476,"column":8},"end":{"line":485,"column":9}},"232":{"start":{"line":477,"column":10},"end":{"line":477,"column":42}},"233":{"start":{"line":478,"column":10},"end":{"line":484,"column":13}},"234":{"start":{"line":479,"column":12},"end":{"line":479,"column":45}},"235":{"start":{"line":480,"column":12},"end":{"line":480,"column":26}},"236":{"start":{"line":482,"column":12},"end":{"line":482,"column":45}},"237":{"start":{"line":483,"column":12},"end":{"line":483,"column":24}},"238":{"start":{"line":488,"column":6},"end":{"line":502,"column":7}},"239":{"start":{"line":489,"column":8},"end":{"line":489,"column":31}},"240":{"start":{"line":491,"column":8},"end":{"line":501,"column":11}},"241":{"start":{"line":492,"column":10},"end":{"line":492,"column":22}},"242":{"start":{"line":494,"column":10},"end":{"line":496,"column":13}},"243":{"start":{"line"
[...]
35,"column":11}},"22":{"start":{"line":33,"column":10},"end":{"line":33,"column":37}},"23":{"start":{"line":34,"column":10},"end":{"line":34,"column":42}},"24":{"start":{"line":37,"column":8},"end":{"line":40,"column":11}},"25":{"start":{"line":38,"column":10},"end":{"line":38,"column":37}},"26":{"start":{"line":39,"column":10},"end":{"line":39,"column":55}},"27":{"start":{"line":45,"column":6},"end":{"line":45,"column":47}},"28":{"start":{"line":49,"column":6},"end":{"line":49,"column":22}},"29":{"start":{"line":50,"column":6},"end":{"line":50,"column":39}},"30":{"start":{"line":52,"column":6},"end":{"line":58,"column":9}},"31":{"start":{"line":53,"column":8},"end":{"line":57,"column":9}},"32":{"start":{"line":54,"column":10},"end":{"line":54,"column":82}},"33":{"start":{"line":56,"column":10},"end":{"line":56,"column":69}},"34":{"start":{"line":62,"column":6},"end":{"line":62,"column":22}},"35":{"start":{"line":63,"column":6},"end":{"line":65,"column":9}},"36":{"start":{"line":64,"column":8},"end":{"line":64,"column":41}},"37":{"start":{"line":70,"column":0},"end":{"line":86,"column":1}},"38":{"start":{"line":71,"column":2},"end":{"line":85,"column":3}},"39":{"start":{"line":72,"column":4},"end":{"line":72,"column":41}},"40":{"start":{"line":74,"column":4},"end":{"line":82,"column":5}},"41":{"start":{"line":75,"column":6},"end":{"line":77,"column":7}},"42":{"start":{"line":79,"column":6},"end":{"line":81,"column":7}},"43":{"start":{"line":84,"column":4},"end":{"line":84,"column":25}}},"branchMap":{"1":{"line":14,"type":"if","locations":[{"start":{"line":14,"column":6},"end":{"line":14,"column":6}},{"start":{"line":14,"column":6},"end":{"line":14,"column":6}}]},"2":{"line":20,"type":"if","locations":[{"start":{"line":20,"column":6},"end":{"line":20,"column":6}},{"start":{"line":20,"column":6},"end":{"line":20,"column":6}}]},"3":{"line":20,"type":"binary-expr","locations":[{"start":{"line":20,"column":10},"end":{"line":20,"column":27}},{"start":{"line":20,"column":31},"end":{"line":20,"column":45}}]},"4":{"line":24,"type":"if","locations":[{"start":{"line":24,"column":12},"end":{"line":24,"column":12}},{"start":{"line":24,"column":12},"end":{"line":24,"column":12}}]},"5":{"line":31,"type":"if","locations":[{"start":{"line":31,"column":13},"end":{"line":31,"column":13}},{"start":{"line":31,"column":13},"end":{"line":31,"column":13}}]},"6":{"line":31,"type":"binary-expr","locations":[{"start":{"line":31,"column":17},"end":{"line":31,"column":29}},{"start":{"line":31,"column":33},"end":{"line":31,"column":50}}]},"7":{"line":53,"type":"if","locations":[{"start":{"line":53,"column":8},"end":{"line":53,"column":8}},{"start":{"line":53,"column":8},"end":{"line":53,"column":8}}]},"8":{"line":71,"type":"if","locations":[{"start":{"line":71,"column":2},"end":{"line":71,"column":2}},{"start":{"line":71,"column":2},"end":{"line":71,"column":2}}]},"9":{"line":74,"type":"if","locations":[{"start":{"line":74,"column":4},"end":{"line":74,"column":4}},{"start":{"line":74,"column":4},"end":{"line":74,"column":4}}]}},"code":["var promisify = require('./promisify');","var optionalRequire = require(\"./optionalRequire\");","var debug = require('debug')('sworm:sqlite');","var urlUtils = require('url')","","module.exports = function() {","  var sqlite = optionalRequire('sqlite3');","","  return {","    query: function(query, params, options) {","      var self = this;","      var sqliteParams = {};","","      if (params) {","        Object.keys(params).forEach(function (key) {","          sqliteParams['@' + key] = params[key];","        });","      }","","      if (options.statement || options.insert) {","        return new Promise(function (fulfil, reject) {","          debug(query, sqliteParams);","          self.connection.run(query, sqliteParams, function (error) {","            if (error) {","              reject(error);","            } else {","              fulfil({id: this.lastID, changes: this.changes});","            }","          });","        });","      } else if (options.exec || options.multiline) {","        return promisify(function (cb) {","          debug(query, sqliteParams);","          self.connection.exec(query, cb);","        });","      } else {","        return promisify(function (cb) {","          debug(query, sqliteParams);","          self.connection.all(query, sqliteParams, cb);","        });","      }","    },","","    insert: function(query, params, options) {","      return this.query(query, params, options)","    },","","    connect: function(options) {","      var self = this;","      var config = parseConfig(options)","","      return promisify(function(cb) {","        if (options.mode) {","          self.connection = new sqlite.Database(config.filename, config.mode, cb);","        } else {","          self.connection = new sqlite.Database(config.filename, cb);","        }","      });","    },","","    close: function() {","      var self = this;","      return promisify(function (cb) {","        return self.connection.close(cb);","      });","    }","  };","};","","function parseConfig(options) {","  if (options.url) {","    var url = urlUtils.parse(options.url)","","    if (url.protocol) {","      return {","        filename: url.pathname","      }","    } else {","      return {","        filename: options.url","      }","    }","  } else {","    return options.config","  }","}",""],"l":{"1":1,"2":1,"3":1,"4":1,"6":1,"7":0,"9":0,"11":0,"12":0,"14":0,"15":0,"16":0,"20":0,"21":0,"22":0,"23":0,"24":0,"25":0,"27":0,"31":0,"32":0,"33":0,"34":0,"37":0,"38":0,"39":0,"45":0,"49":0,"50":0,"52":0,"53":0,"54":0,"56":0,"62":0,"63":0,"64":0,"70":1,"71":0,"72":0,"74":0,"75":0,"79":0,"84":0}},"/home/travis/build/npmtest/node-npmtest-sworm/node_modules/sworm/websqlDriver.js":{"path":"/home/travis/build/npmtest/node-npmtest-sworm/node_modules/sworm/websqlDriver.js","s":{"1":1,"2":1,"3":1,"4":1,"5":0,"6":0,"7":0,"8":0,"9":0,"10":0,"11":0,"12":0,"13":0,"14":0,"15":0,"16":0,"17":0,"18":0,"19":0,"20":0,"21":0,"22":0,"23":0,"24":0,"25":0,"26":0,"27":0,"28":0,"29":0,"30":0,"31":0,"32":0,"33":0,"34":0,"35":0,"36":0,"37":0,"38":0,"39":0,"40":0,"41":1,"42":0,"43":0,"44":0,"45":0,"46":0,"47":0},"b":{"1":[0,0],"2":[0,0],"3":[0,0],"4":[0,0],"5":[0,0],"6":[0,0],"7":[0,0,0],"8":[0,0],"9":[0,0],"10":[0,0]},"f":{"1":0,"2":0,"3":0,"4":0,"5":0,"6":0,"7":0,"8":0,"9":0,"10":0,"11":0,"12":0,"13":0,"14":0,"15":0},"fnMap":{"1":{"name":"(anonymous_1)","line":5,"loc":{"start":{"line":5,"column":17},"end":{"line":5,"column":28}}},"2":{"name":"(anonymous_2)","line":7,"loc":{"start":{"line":7,"column":11},"end":{"line":7,"column":44}}},"3":{"name":"(anonymous_3)","line":12,"loc":{"start":{"line":12,"column":42},"end":{"line":12,"column":65}}},"4":{"name":"(anonymous_4)","line":22,"loc":{"start":{"line":22,"column":25},"end":{"line":22,"column":51}}},"5":{"name":"(anonymous_5)","line":24,"loc":{"start":{"line":24,"column":36},"end":{"line":24,"column":49}}},"6":{"name":"(anonymous_6)","line":25,"loc":{"start":{"line":25,"column":42},"end":{"line":25,"column":62}}},"7":{"name":"(anonymous_7)","line":45,"loc":{"start":{"line":45,"column":13},"end":{"line":45,"column":32}}},"8":{"name":"(anonymous_8)","line":52,"loc":{"start":{"line":52,"column":12},"end":{"line":52,"column":45}}},"9":{"name":"(anonymous_9)","line":56,"loc":{"start":{"line":56,"column":13},"end":{"line":56,"column":31}}},"10":{"name":"(anonymous_10)","line":65,"loc":{"start":{"line":65,"column":11},"end":{"line":65,"column":22}}},"11":{"name":"(anonymous_11)","line":69,"loc":{"start":{"line":69,"column":20},"end":{"line":69,"column":32}}},"12":{"name":"(anonymous_12)","line":73,"loc":{"start":{"line":73,"column":11},"end":{"line":73,"column":23}}},"13":{"name":"(anonymous_13)","line":77,"loc":{"start":{"line":77,"column":12},"end":{"line":77,"column":24}}},"14":{"name":"(anonymous_14)","line":81,"loc":{"start":{"line":81,"column":14},"end":{"line":81,"column":26}}},"15":{"name":"parseConfig","line":87,"loc":{"start":{"line":87,"column":0},"end":{"line":87,"column":30}}}},"statementMap":{"1":{"start":{"line":1,"column":0},"end":{"line":1,"column":45}},"2":{"start":{"line":2,"column":0},"end":{"line":2,"column":40}},"3":{"start":{"line":3,"column":0},"end":{"line":3,"column":29}},"4":{"start":{"line":5,"column":0},"end":{"line":85,"column":2}},"5":{"start":{"line":6,"column":2},"end":{"line":84,"column":4}},"6":{"start":{"line":8,"column":6},"end":{"line":8,"column":22}},"7":{"start":{"line":9,"column":6},"end":{"line":9,"column":24}},"8":{"start":{"line":11,"column":6},"end":{"line":20,"column":7}},"9":{"start":{"line":12,"column":8},"end":{"line":19,"column":11}},"10":{"start":{"line":13,"column":10},"end":{"line":17,"column":11}},"11":{"start":{"line":14,"column":12},"end":{"line":14,"column":63}},"12":{"start":{"line":16,"column":12},"end":{"line":16,"column":46}},"13":{"start":{"line":18,"column":10},"end":{"line":18,"column":21}},"14":{"start":{"line":22,"column":6},"end":{"line":49,"column":9}},"15":{"start":{"line":23,"column":8},"end":{"line":23,"column":32}},"16":{"start":{"line":24,"column":8},"end":{"line":48,"column":11}},"17":{"start":{"line":25,"column":10},"end":{"line":47,"column":13}},"18":{"start":{"line":26,"column":12},"end":{"line":44,"column":13}},"19":{"start":{"line":27,"column":14},"end":{"line":27,"column":24}},"20":{"start":{"line":29,"column":14},"end":{"line":31,"column":15}},"21":{"start":{"line":30,"column":16},"end":{"line":30,"column":47}},"22":{"start":{"line":33,"column":14},"end":{"line":35,"column":15}},"23":{"start":{"line":34,"column":16},"end":{"line":34,"column":38}},"24":{"start":{"line":37,"column":14},"end":{"line":37,"column":23}},"25":{"start":{"line":39,"column":14},"end":{"line":39,"column":30}},"26":{"start":{"line":40,"column":14},"end":{"line":42,"column":15}},"27":{"start":{"line":41,"column":16},"end":{"line":41,"column":49}},"28":{"start":{"line":43,"column":14},"end":{"line":43,"column":29}},"29":{"start":{"line":46,"column":12},"end":{"line":46,"column":25}},"30":{"start":{"line":53,"column":6},"end":{"line":53,"column":47}},"31":{"start":{"line":57,"column":6},"end":{"line":57,"column":95}},"32":{"start":{"line":58,"column":6},"end":{"line":58,"column":39}},"33":{"start":{"line":59,"column":6},"end":{"line":59,"column":40}},"34":{"start":{"line":60,"column":6},"end":{"line":60,"column":104}},"35":{"start":{"line":62,"column":6},"end":{"line":62,"column":30}},"36":{"start":{"line":66,"column":6},"end":{"line":66,"column":30}},"37":{"start":{"line":70,"column":6},"end":{"line":70,"column":67}},"38":{"start":{"line":74,"column":6},"end":{"line":74,"column":27}},"39":{"start":{"line":78,"column":6},"end":{"line":78,"column":27}},"40":{"start":{"line":82,"column":6},"end":{"line":82,"column":27}},"41":{"start":{"line":87,"column":0},"end":{"line":103,"column":1}},"42":{"start":{"line":88,"column":2},"end":{"line":102,"column":3}},"43":{"start":{"line":89,"column":4},"end":{"line":89,"column":41}},"44":{"start":{"line":91,"column":4},"end":{"line":99,"column":5}},"45":{"start":{"line":92,"column":6},"end":{"line":94,"column":7}},"46":{"start":{"line":96,"column":6},"end":{"line":98,"column":7}},"47":{"start":{"line":101,"column":4},"end":{"line":101,"column":25}}},"branchMap":{"1":{"line":11,"type":"if","locations":[{"start":{"line":11,"column":6},"end":{"line":11,"column":6}},{"start":{"line":11,"column":6},"end":{"line":11,"column":6}}]},"2":{"line":13,"type":"if","locations":[{"start":{"line":13,"column":10},"end":{"line":13,"column":10}},{"start":{"line":13,"column":10},"end":{"line":13,"column":10}}]},"3":{"line":26,"type":"if","locations":[{"start":{"line":26,"column":12},"end":{"line":26,"column":12}},{"start":{"line":26,"column":12},"end":{"line":26,"column":12}}]},"4":{"line":26,"type":"binary-expr","locations":[{"start":{"line":26,"column":16},"end":{"line":26,"column":33}},{"start":{"line":26,"column":37},"end":{"line":26,"column":51}}]},"5":{"line":29,"type":"if","locations":[{"start":{"line":29,"column":14},"end":{"line":29,"column":14}},{"start":{"line":29,"column":14},"end":{"line":29,"column":14}}]},"6":{"line":33,"type":"if","locations":[{"start":{"line":33,"column":14},"end":{"line":33,"column":14}},{"start":{"line":33,"column":14},"end":{"line":33,"column":14}}]},"7":{"line":57,"type":"binary-expr","locations":[{"start":{"line":57,"column":26},"end":{"line":57,"column":40}},{"start":{"line":57,"column":44},"end":{"line":57,"column":71}},{"start":{"line":57,"column":76},"end":{"line":57,"column":95}}]},"8":{"line":60,"type":"binary-expr","locations":[{"start":{"line":60,"column":77},"end":{"line":60,"column":88}},{"start":{"line":60,"column":92},"end":{"line":60,"column":103}}]},"9":{"line":88,"type":"if","locations":[{"start":{"line":88,"column":2},"end":{"line":88,"column":2}},{"start":{"line":88,"column":2},"end":{"line":88,"column":2}}]},"10":{"line":91,"type":"if","locations":[{"start":{"line":91,"column":4},"end":{"line":91,"column":4}},{"start":{"line":91,"column":4},"end":{"line":91,"column":4}}]}},"code":["var debug = require('debug')('sworm:websql');","var paramRegex = require('./paramRegex')","var urlUtils = require('url')","","module.exports = function() {","  return {","    query: function(query, params, options) {","      var self = this;","      var paramList = []","","      if (params) {","        query = query.replace(paramRegex, function(_, paramName) {","          if (!params.hasOwnProperty(paramName)) {","            throw new Error('no such parameter @' + paramName);","          } else {","            paramList.push(params[paramName]);","          }","          return '?';","        });","      }","","      return new Promise(function (fulfil, reject) {","        debug(query, paramList);","        self.connection.transaction(function(tx) {","          tx.executeSql(query, paramList, function(tx, result){","            if (options.statement || options.insert) {","              var r = {}","","              if (options.statement) {","                r.changes = result.rowsAffected","              }","","              if (options.insert) {","                r.id = result.insertId","              }","","              fulfil(r)","            } else {","              var results = []","              for (var i = 0; i<result.rows.length; i++) {","                results.push(result.rows.item(i))","              }","              fulfil(results)","            }","          }, function(tx, error){","            reject(error)","          });","        });","      });","    },","","    insert: function(query, params, options) {","      return this.query(query, params, options)","    },","","    connect: function(options) {","      var openDatabase = (options.config && options.config.openDatabase) || window.openDatabase","      var config = parseConfig(options)","      var defaultSize = 5 * 1024 * 1024;","      this.connection = openDatabase(config.name, '1.0', config.description, config.size || defaultSize)","","      return Promise.resolve()","    },","","    close: function() {","      return Promise.resolve()","    },","","    noTransactions: function () {","      throw new Error('transactions are not supported with websql')","    },","","    begin: function () {","      this.noTransactions()","    },","","    commit: function () {","      this.noTransactions()","    },","","    rollback: function () {","      this.noTransactions()","    }","  };","};","","function parseConfig(options) {","  if (options.url) {","    var url = urlUtils.parse(options.url)","","    if (url.protocol) {","      return {","        name: url.pathname.replace(/^\\//, '')","      }","    } else {","      return {","        name: options.url","      }","    }","  } else {","    return options.config","  }","}",""],"l":{"1":1,"2":1,"3":1,"5":1,"6":0,"8":0,"9":0,"11":0,"12":0,"13":0,"14":0,"16":0,"18":0,"22":0,"23":0,"24":0,"25":0,"26":0,"27":0,"29":0,"30":0,"33":0,"34":0,"37":0,"39":0,"40":0,"41":0,"43":0,"46":0,"53":0,"57":0,"58":0,"59":0,"60":0,"62":0,"66":0,"70":0,"74":0,"78":0,"82":0,"87":1,"88":0,"89":0,"91":0,"92":0,"96":0,"101":0}},"/home/travis/build/npmtest/node-npmtest-sworm/node_modules/sworm/unescape.js":{"path":"/home/travis/build/npmtest/node-npmtest-sworm/node_modules/sworm/unescape.js","s":{"1":1,"2":1,"3":1,"4":0,"5":1,"6":1,"7":0,"8":1,"9":0,"10":1,"11":0,"12":0,"13":0,"14":0,"15":0,"16":0,"17":0,"18":0,"19":0,"20":0,"21":0},"b":{"1":[0,0],"2":[0,0]},"f":{"1":0,"2":0,"3":0,"4":0,"5":0,"6":0},"fnMap":{"1":{"name":"Unescape","line":4,"loc":{"start":{"line":4,"column":0},"end":{"line":4,"column":25}}},"2":{"name":"unescape","line":10,"loc":{"start":{"line":10,"column":0},"end":{"line":10,"column":25}}},"3":{"name":"(anonymous_3)","line":14,"loc":{"start":{"line":14,"column":22},"end":{"line":14,"column":39}}},"4":{"name":"(anonymous_4)","line":18,"loc":{"start":{"line":18,"column":23},"end":{"line":18,"column":47}}},"5":{"name":"(anonymous_5)","line":19,"loc":{"start":{"line":19,"column":36},"end":{"line":19,"column":53}}},"6":{"name":"(anonymous_6)","line":23,"loc":{"start":{"line":23,"column":52},"end":{"line":23,"column":70}}}},"statementMap":{"1":{"start":{"line":1,"column":0},"end":{"line":1,"column":40}},"2":{"start":{"line":2,"column":0},"end":{"line":2,"column":29}},"3":{"start":{"line":4,"column":0},"end":{"line":6,"column":1}},"4":{"start":{"line":5,"column":2},"end":{"line":5,"column":20}},"5":{"start":{"line":8,"column":0},"end":{"line":8,"column":25}},"6":{"start":{"line":10,"column":0},"end":{"line":12,"column":1}},"7":{"start":{"line":11,"column":2},"end":{"line":11,"column":28}},"8":{"start":{"line":14,"column":0},"end":{"line":16,"column":1}},"9":{"start":{"line":15,"column":2},"end":{"line":15,"column":34}},"10":{"start":{"line":18,"column":0},"end":{"line":41,"column":1}},"11":{"start":{"line":19,"column":2},"end":{"line":21,"column":4}},"12":{"start":{"line":20,"column":4},"end":{"line":20,"column":37}},"13":{"start":{"line":23,"column":2},"end":{"line":35,"column":4}},"14":{"start":{"line":24,"column":4},"end":{"line":34,"column":5}},"15":{"start":{"line":25,"column":6},"end":{"line":25,"column":30}},"16":{"start":{"line":26,"column":6},"end":{"line":31,"column":7}},"17":{"start":{"line":27,"column":8},"end":{"line":27,"column":33}},"18":{"start":{"line":28,"column":8},"end":{"line":28,"column":26}},"19":{"start":{"line":30,"column":8},"end":{"line":30,"column":16}},"20":{"start":{"line":33,"column":6},"end":{"line":33,"column":14}},"21":{"start":{"line":37,"column":2},"end":{"line":40,"column":3}}},"branchMap":{"1":{"line":24,"type":"if","locations":[{"start":{"line":24,"column":4},"end":{"line":24,"column":4}},{"start":{"line":24,"column":4},"end":{"line":24,"column":4}}]},"2":{"line":26,"type":"if","locations":[{"start":{"line":26,"column":6},"end":{"line":26,"column":6}},{"start":{"line":26,"column":6},"end":{"line":26,"column":6}}]}},"code":["var paramRegex = require('./paramRegex')","var _ = require('underscore')","","function Unescape(value) {","  this.value = value","}","","module.exports = unescape","","function unescape(value) {","  return new Unescape(value)","}","","unescape.isUnescape = function (value) {","  return value instanceof Unescape","}","","unescape.interpolate = function(query, params) {","  var driverParams = _.omit(params, function (value) {","    return unescape.isUnescape(value)","  })","","  var interpolatedQuery = query.replace(paramRegex, function(_, name) {","    if (params.hasOwnProperty(name)) {","      var value = params[name]","      if (unescape.isUnescape(value)) {","        delete driverParams[name]","        return value.value","      } else {","        return _","      }","    } else {","      return _","    }","  })","","  return {","    query: interpolatedQuery,","    params: driverParams","  }","}",""],"l":{"1":1,"2":1,"4":1,"5":0,"8":1,"10":1,"11":0,"14":1,"15":0,"18":1,"19":0,"20":0,"23":0,"24":0,"25":0,"26":0,"27":0,"28":0,"30":0,"33":0,"37":0}}}